2026-06-24 08:14:22,452 | INFO | Starting MT5 live trading bot for 'Volatility 100 (1s) Index' ...
2026-06-24 08:14:22,452 | INFO | Strategy: EMA(14)-1H trend + S/R (lookback=3, tolerance=0.05%) + 10-pattern entry
2026-06-24 08:14:22,453 | INFO | Exit: initial stop (window=10) -> breakeven after 2 favorable candles -> Stage3 trail (window=2)
2026-06-24 08:14:22,453 | INFO | Risk per trade: 1.0% of current balance
2026-06-24 08:14:22,453 | INFO | Preloading historical data from /Users/user/Sites/projects/mt5-trading-bot/markets/1HZ100V/data/1HZ100V_5min.csv ...
2026-06-24 08:14:22,946 | INFO | Historical data freshness OK: most recent candle is 3.5 hours old.
2026-06-24 08:14:26,271 | INFO | Loaded 2000 historical 5min candles.
2026-06-24 08:14:26,339 | INFO | Built 500 historical 1h candles.
2026-06-24 08:14:26,345 | INFO | Replayed swing-level detection -- 358 levels identified from historical data.
2026-06-24 08:14:26,357 | INFO | Trend filter immediately usable after preload: trend=UP
2026-06-24 08:14:50,190 | INFO | Connected. Balance: $9913.19
2026-06-24 08:14:52,450 | INFO | Polling live prices and building candles ... (Ctrl+C to stop)

2026-06-24 08:14:52,450 | ERROR | CONNECTION HEALTH CHECK FAILED: quote streaming unhealthy
2026-06-24 08:14:53,027 | INFO | Heartbeat: 5min_candles=2000 1h_candles=500 levels_tracked=358 trend=UP open_position=no balance=$9913.19
2026-06-24 08:15:00,049 | INFO | Heartbeat: 5min_candles=2000 1h_candles=500 levels_tracked=358 trend=UP open_position=no balance=$9913.19
2026-06-24 08:15:53,107 | INFO | Connection health RECOVERED.
2026-06-24 08:20:00,847 | INFO | Heartbeat: 5min_candles=2000 1h_candles=500 levels_tracked=358 trend=UP open_position=no balance=$9913.19
2026-06-24 08:25:00,343 | INFO | Heartbeat: 5min_candles=2000 1h_candles=500 levels_tracked=358 trend=UP open_position=no balance=$9913.19
2026-06-24 08:30:00,703 | INFO | Heartbeat: 5min_candles=2000 1h_candles=500 levels_tracked=358 trend=UP open_position=no balance=$9913.19
2026-06-24 08:34:55,623 | ERROR | CONNECTION HEALTH CHECK FAILED: terminal not synchronized
2026-06-24 08:35:00,239 | INFO | Heartbeat: 5min_candles=2000 1h_candles=500 levels_tracked=358 trend=UP open_position=no balance=$9913.19
2026-06-24 08:35:55,812 | INFO | Connection health RECOVERED.
2026-06-24 08:40:00,809 | INFO | Heartbeat: 5min_candles=2000 1h_candles=500 levels_tracked=358 trend=UP open_position=no balance=$9913.19
2026-06-24 08:45:00,235 | INFO | Heartbeat: 5min_candles=2000 1h_candles=500 levels_tracked=358 trend=UP open_position=no balance=$9892.49
2026-06-24 08:50:00,686 | INFO | Heartbeat: 5min_candles=2000 1h_candles=500 levels_tracked=358 trend=UP open_position=no balance=$9892.49
2026-06-24 08:55:00,068 | INFO | New resistance level identified: 812.12
2026-06-24 08:55:00,079 | INFO | Heartbeat: 5min_candles=2000 1h_candles=500 levels_tracked=359 trend=UP open_position=no balance=$9892.49
2026-06-24 09:00:00,543 | INFO | Heartbeat: 5min_candles=2000 1h_candles=500 levels_tracked=359 trend=UP open_position=no balance=$9892.49
2026-06-24 09:05:00,809 | INFO | Heartbeat: 5min_candles=2000 1h_candles=500 levels_tracked=359 trend=UP open_position=no balance=$9892.49
2026-06-24 09:10:00,207 | INFO | Heartbeat: 5min_candles=2000 1h_candles=500 levels_tracked=359 trend=UP open_position=no balance=$9892.49
2026-06-24 09:15:00,679 | INFO | Heartbeat: 5min_candles=2000 1h_candles=500 levels_tracked=359 trend=UP open_position=no balance=$9892.49
2026-06-24 09:20:00,017 | INFO | Heartbeat: 5min_candles=2000 1h_candles=500 levels_tracked=359 trend=UP open_position=no balance=$9892.49
2026-06-24 09:25:00,459 | INFO | Heartbeat: 5min_candles=2000 1h_candles=500 levels_tracked=359 trend=UP open_position=no balance=$9892.49
2026-06-24 09:30:00,863 | INFO | Heartbeat: 5min_candles=2000 1h_candles=500 levels_tracked=359 trend=UP open_position=no balance=$9892.49
2026-06-24 09:35:00,336 | INFO | Heartbeat: 5min_candles=2000 1h_candles=500 levels_tracked=359 trend=UP open_position=no balance=$9892.49
2026-06-24 09:40:00,792 | INFO | Heartbeat: 5min_candles=2000 1h_candles=500 levels_tracked=359 trend=UP open_position=no balance=$9892.49
2026-06-24 09:45:00,182 | INFO | Heartbeat: 5min_candles=2000 1h_candles=500 levels_tracked=359 trend=UP open_position=no balance=$9892.49
2026-06-24 09:50:00,663 | INFO | Heartbeat: 5min_candles=2000 1h_candles=500 levels_tracked=359 trend=UP open_position=no balance=$9835.33
2026-06-24 09:55:00,098 | INFO | New support level identified: 790.74
2026-06-24 09:55:00,111 | INFO | Heartbeat: 5min_candles=2000 1h_candles=500 levels_tracked=360 trend=UP open_position=no balance=$9835.33
2026-06-24 10:00:00,589 | INFO | Heartbeat: 5min_candles=2000 1h_candles=500 levels_tracked=360 trend=UP open_position=no balance=$9835.33
2026-06-24 10:05:01,009 | INFO | Heartbeat: 5min_candles=2000 1h_candles=500 levels_tracked=360 trend=UP open_position=no balance=$9835.33
2026-06-24 10:10:00,444 | INFO | Heartbeat: 5min_candles=2000 1h_candles=500 levels_tracked=360 trend=UP open_position=no balance=$9835.33
2026-06-24 10:15:00,860 | INFO | New resistance level identified: 797.57
2026-06-24 10:15:00,872 | INFO | Heartbeat: 5min_candles=2000 1h_candles=500 levels_tracked=361 trend=UP open_position=no balance=$9835.33
2026-06-24 10:20:00,188 | INFO | Heartbeat: 5min_candles=2000 1h_candles=500 levels_tracked=361 trend=UP open_position=no balance=$9835.33
2026-06-24 10:25:00,686 | INFO | Heartbeat: 5min_candles=2000 1h_candles=500 levels_tracked=361 trend=UP open_position=no balance=$9835.33
2026-06-24 10:30:00,080 | INFO | Heartbeat: 5min_candles=2000 1h_candles=500 levels_tracked=361 trend=UP open_position=no balance=$9835.33
2026-06-24 10:35:00,490 | INFO | Heartbeat: 5min_candles=2000 1h_candles=500 levels_tracked=361 trend=UP open_position=no balance=$9835.33
2026-06-24 10:40:00,918 | INFO | Heartbeat: 5min_candles=2000 1h_candles=500 levels_tracked=361 trend=UP open_position=no balance=$9835.33
2026-06-24 10:45:00,309 | INFO | Heartbeat: 5min_candles=2000 1h_candles=500 levels_tracked=361 trend=UP open_position=no balance=$9835.33
2026-06-24 10:50:00,760 | INFO | Heartbeat: 5min_candles=2000 1h_candles=500 levels_tracked=361 trend=UP open_position=no balance=$9835.33
2026-06-24 10:51:35,899 | WARNING | STALE PRICE DETECTED: quote_time=2026-06-24 07:51:05.192000+00:00 is 31s old (max allowed: 30s). Skipping this price update -- NOT trading on stale data.
2026-06-24 10:51:42,410 | WARNING | Telegram notification failed: ClientConnectorDNSError(ConnectionKey(host='api.telegram.org', port=443, is_ssl=True, ssl=True, proxy=None, proxy_auth=None, proxy_headers_hash=None, server_hostname=None), gaierror(8, 'nodename nor servname provided, or not known'))
2026-06-24 10:52:05,960 | WARNING | STALE PRICE DETECTED: quote_time=2026-06-24 07:51:05.192000+00:00 is 61s old (max allowed: 30s). Skipping this price update -- NOT trading on stale data.
2026-06-24 10:52:05,964 | WARNING | Telegram notification failed: ClientConnectorDNSError(ConnectionKey(host='api.telegram.org', port=443, is_ssl=True, ssl=True, proxy=None, proxy_auth=None, proxy_headers_hash=None, server_hostname=None), gaierror(8, 'nodename nor servname provided, or not known'))
2026-06-24 10:52:08,970 | ERROR | CONNECTION HEALTH CHECK FAILED: API connection lost, broker connection lost, terminal not synchronized
2026-06-24 10:52:08,974 | WARNING | Telegram notification failed: ClientConnectorDNSError(ConnectionKey(host='api.telegram.org', port=443, is_ssl=True, ssl=True, proxy=None, proxy_auth=None, proxy_headers_hash=None, server_hostname=None), gaierror(8, 'nodename nor servname provided, or not known'))
2026-06-24 10:52:36,025 | WARNING | STALE PRICE DETECTED: quote_time=2026-06-24 07:51:05.192000+00:00 is 91s old (max allowed: 30s). Skipping this price update -- NOT trading on stale data.
2026-06-24 10:53:09,903 | INFO | Connection health RECOVERED.
2026-06-24 10:55:00,659 | INFO | Heartbeat: 5min_candles=2000 1h_candles=500 levels_tracked=361 trend=UP open_position=no balance=$9835.33
2026-06-24 11:00:00,080 | INFO | New resistance level identified: 790.20
2026-06-24 11:00:00,093 | INFO | Heartbeat: 5min_candles=2000 1h_candles=500 levels_tracked=362 trend=UP open_position=no balance=$9835.33
2026-06-24 11:05:00,622 | INFO | New support level identified: 781.96
2026-06-24 11:05:00,633 | INFO | Heartbeat: 5min_candles=2000 1h_candles=500 levels_tracked=363 trend=UP open_position=no balance=$9835.33
2026-06-24 11:10:00,054 | INFO | Heartbeat: 5min_candles=2000 1h_candles=500 levels_tracked=363 trend=UP open_position=no balance=$9835.33
2026-06-24 11:15:00,496 | INFO | Heartbeat: 5min_candles=2000 1h_candles=500 levels_tracked=363 trend=UP open_position=no balance=$9835.33
2026-06-24 11:20:00,887 | INFO | Heartbeat: 5min_candles=2000 1h_candles=500 levels_tracked=363 trend=UP open_position=no balance=$9835.33
2026-06-24 11:25:00,294 | INFO | Heartbeat: 5min_candles=2000 1h_candles=500 levels_tracked=363 trend=UP open_position=no balance=$9835.33
2026-06-24 11:30:00,713 | INFO | Heartbeat: 5min_candles=2000 1h_candles=500 levels_tracked=363 trend=UP open_position=no balance=$9835.33
2026-06-24 11:35:00,108 | INFO | Heartbeat: 5min_candles=2000 1h_candles=500 levels_tracked=363 trend=UP open_position=no balance=$9835.33
2026-06-24 11:40:00,648 | INFO | New resistance level identified: 790.62
2026-06-24 11:40:00,660 | INFO | Heartbeat: 5min_candles=2000 1h_candles=500 levels_tracked=364 trend=UP open_position=no balance=$9835.33
2026-06-24 11:45:00,196 | INFO | Heartbeat: 5min_candles=2000 1h_candles=500 levels_tracked=364 trend=UP open_position=no balance=$9835.33
2026-06-24 11:50:00,774 | INFO | Heartbeat: 5min_candles=2000 1h_candles=500 levels_tracked=364 trend=UP open_position=no balance=$9835.33
2026-06-24 11:55:00,493 | INFO | Heartbeat: 5min_candles=2000 1h_candles=500 levels_tracked=364 trend=UP open_position=no balance=$9835.33
2026-06-24 12:00:00,039 | INFO | Heartbeat: 5min_candles=2000 1h_candles=500 levels_tracked=364 trend=UP open_position=no balance=$9835.33
2026-06-24 12:05:00,655 | INFO | Heartbeat: 5min_candles=2000 1h_candles=500 levels_tracked=364 trend=UP open_position=no balance=$9835.33
2026-06-24 12:10:00,211 | INFO | Heartbeat: 5min_candles=2000 1h_candles=500 levels_tracked=364 trend=UP open_position=no balance=$9835.33
2026-06-24 12:15:00,798 | INFO | Heartbeat: 5min_candles=2000 1h_candles=500 levels_tracked=364 trend=UP open_position=no balance=$9835.33
2026-06-24 12:20:00,256 | INFO | Heartbeat: 5min_candles=2000 1h_candles=500 levels_tracked=364 trend=UP open_position=no balance=$9835.33
2026-06-24 12:25:00,725 | INFO | New resistance level identified: 787.25
2026-06-24 12:25:00,740 | INFO | Heartbeat: 5min_candles=2000 1h_candles=500 levels_tracked=365 trend=UP open_position=no balance=$9835.33
2026-06-24 12:30:00,079 | INFO | Heartbeat: 5min_candles=2000 1h_candles=500 levels_tracked=365 trend=UP open_position=no balance=$9835.33
2026-06-24 12:35:00,500 | INFO | Heartbeat: 5min_candles=2000 1h_candles=500 levels_tracked=365 trend=UP open_position=no balance=$10419.10
2026-06-24 12:40:00,870 | INFO | Heartbeat: 5min_candles=2000 1h_candles=500 levels_tracked=365 trend=UP open_position=no balance=$10419.10
2026-06-24 12:45:00,165 | INFO | Heartbeat: 5min_candles=2000 1h_candles=500 levels_tracked=365 trend=UP open_position=no balance=$10419.10
2026-06-24 12:50:00,456 | INFO | New support level identified: 777.86
2026-06-24 12:50:00,484 | INFO | Heartbeat: 5min_candles=2000 1h_candles=500 levels_tracked=366 trend=UP open_position=no balance=$10419.10
2026-06-24 12:55:00,947 | INFO | Heartbeat: 5min_candles=2000 1h_candles=500 levels_tracked=366 trend=UP open_position=no balance=$10419.10
2026-06-24 13:00:00,355 | INFO | Heartbeat: 5min_candles=2000 1h_candles=500 levels_tracked=366 trend=UP open_position=no balance=$10419.66
2026-06-24 13:05:00,652 | INFO | Heartbeat: 5min_candles=2000 1h_candles=500 levels_tracked=366 trend=UP open_position=no balance=$10419.66
2026-06-24 13:10:00,041 | INFO | New resistance level identified: 784.94
2026-06-24 13:10:00,058 | INFO | Heartbeat: 5min_candles=2000 1h_candles=500 levels_tracked=367 trend=UP open_position=no balance=$10419.66
2026-06-24 13:11:38,303 | WARNING | STALE PRICE DETECTED: quote_time=2026-06-24 10:11:08.215000+00:00 is 30s old (max allowed: 30s). Skipping this price update -- NOT trading on stale data.
2026-06-24 13:11:46,691 | ERROR | Task exception was never retrieved
future: <Task finished name='Task-550606' coro=<SubscriptionManager.schedule_subscribe.<locals>.subscribe_task() done, defined at /Users/user/Sites/projects/mt5-trading-bot/venv/lib/python3.11/site-packages/metaapi_cloud_sdk/clients/metaapi/subscription_manager.py:107> exception=KeyError('type')>
Traceback (most recent call last):
  File "/Users/user/Sites/projects/mt5-trading-bot/venv/lib/python3.11/site-packages/metaapi_cloud_sdk/clients/metaapi/subscription_manager.py", line 110, in subscribe_task
    await self.subscribe(account_id, instance_number)
  File "/Users/user/Sites/projects/mt5-trading-bot/venv/lib/python3.11/site-packages/metaapi_cloud_sdk/clients/metaapi/metaapi_websocket_client.py", line 1666, in rpc_request
    return await self._make_request(account_id, instance_number, request, timeout_in_seconds)
           ^^^^^^^^^^^^^^^^^^^^^^^^^^^^^^^^^^^^^^^^^^^^^^^^^^^^^^^^^^^^^^^^^^^^^^^^^^^^^^^^^^
  File "/Users/user/Sites/projects/mt5-trading-bot/venv/lib/python3.11/site-packages/metaapi_cloud_sdk/clients/metaapi/metaapi_websocket_client.py", line 1737, in _make_request
    resolve = await asyncio.wait_for(
              ^^^^^^^^^^^^^^^^^^^^^^^
  File "/usr/local/Cellar/python@3.11/3.11.15_3/Frameworks/Python.framework/Versions/3.11/lib/python3.11/asyncio/tasks.py", line 489, in wait_for
    return fut.result()
           ^^^^^^^^^^^^
metaapi_cloud_sdk.clients.error_handler.TooManyRequestsException: It seems like you are trying to access too many unexisting or undeployed trading accounts. Please check your application logs for occurrences of NotFoundError and make sure that you attempt to access trading accounts which are actually deployed in this region.

During handling of the above exception, another exception occurred:

Traceback (most recent call last):
  File "/Users/user/Sites/projects/mt5-trading-bot/venv/lib/python3.11/site-packages/metaapi_cloud_sdk/clients/metaapi/subscription_manager.py", line 116, in subscribe_task
    if err.metadata['type'] == 'LIMIT_ACCOUNT_SUBSCRIPTIONS_PER_USER':
       ~~~~~~~~~~~~^^^^^^^^
KeyError: 'type'
2026-06-24 13:15:00,222 | INFO | Heartbeat: 5min_candles=2000 1h_candles=500 levels_tracked=367 trend=UP open_position=no balance=$10419.66
2026-06-24 13:20:00,548 | INFO | Heartbeat: 5min_candles=2000 1h_candles=500 levels_tracked=367 trend=UP open_position=no balance=$10419.66
2026-06-24 13:25:00,890 | INFO | Heartbeat: 5min_candles=2000 1h_candles=500 levels_tracked=367 trend=UP open_position=no balance=$10419.66
2026-06-24 13:30:00,280 | INFO | New support level identified: 775.63
2026-06-24 13:30:00,315 | INFO | Heartbeat: 5min_candles=2000 1h_candles=500 levels_tracked=368 trend=UP open_position=no balance=$10419.66
2026-06-24 13:35:00,616 | INFO | New support level identified: 775.63
2026-06-24 13:35:00,628 | INFO | Heartbeat: 5min_candles=2000 1h_candles=500 levels_tracked=369 trend=UP open_position=no balance=$10419.66
2026-06-24 13:40:00,977 | INFO | Heartbeat: 5min_candles=2000 1h_candles=500 levels_tracked=369 trend=UP open_position=no balance=$10419.66
2026-06-24 13:45:00,341 | INFO | Heartbeat: 5min_candles=2000 1h_candles=500 levels_tracked=369 trend=UP open_position=no balance=$10419.66
2026-06-24 13:50:00,746 | INFO | Heartbeat: 5min_candles=2000 1h_candles=500 levels_tracked=369 trend=UP open_position=no balance=$10419.66
2026-06-24 13:55:00,172 | INFO | New resistance level identified: 783.60
2026-06-24 13:55:00,210 | INFO | Heartbeat: 5min_candles=2000 1h_candles=500 levels_tracked=370 trend=UP open_position=no balance=$10419.66
2026-06-24 14:00:00,563 | INFO | Heartbeat: 5min_candles=2000 1h_candles=500 levels_tracked=370 trend=UP open_position=no balance=$10419.66
2026-06-24 14:05:01,003 | INFO | Heartbeat: 5min_candles=2000 1h_candles=500 levels_tracked=370 trend=UP open_position=no balance=$10419.66
2026-06-24 14:05:01,020 | INFO | Attempting to open BUY trade: volume=2.0 lots, risk target=1.0% of $10419.66, stop_distance=0.5730%
2026-06-24 14:05:01,816 | INFO | ✅ TRADE OPENED: BUY position_id=5696083954 volume=2.0 entry≈780.06
2026-06-24 14:10:00,942 | INFO | Heartbeat: 5min_candles=2000 1h_candles=500 levels_tracked=370 trend=UP open_position=YES balance=$10419.66
2026-06-24 14:10:01,731 | INFO | 🔚 TRADE CLOSED (initial or breakeven stop hit): position_id=5696083954 (total trades completed: 1)
2026-06-24 14:15:00,350 | INFO | Heartbeat: 5min_candles=2000 1h_candles=500 levels_tracked=370 trend=UP open_position=no balance=$10419.66
2026-06-24 14:20:00,642 | INFO | Heartbeat: 5min_candles=2000 1h_candles=500 levels_tracked=370 trend=UP open_position=no balance=$10407.66
2026-06-24 14:25:00,576 | INFO | Heartbeat: 5min_candles=2000 1h_candles=500 levels_tracked=370 trend=UP open_position=no balance=$10407.66
2026-06-24 14:30:00,873 | INFO | Heartbeat: 5min_candles=2000 1h_candles=500 levels_tracked=370 trend=UP open_position=no balance=$10407.66
2026-06-24 14:35:00,172 | INFO | Heartbeat: 5min_candles=2000 1h_candles=500 levels_tracked=370 trend=UP open_position=no balance=$10407.66
2026-06-24 14:40:00,429 | INFO | Heartbeat: 5min_candles=2000 1h_candles=500 levels_tracked=370 trend=UP open_position=no balance=$10407.66
2026-06-24 14:45:00,789 | INFO | New support level identified: 759.93
2026-06-24 14:45:00,800 | INFO | Heartbeat: 5min_candles=2000 1h_candles=500 levels_tracked=371 trend=UP open_position=no balance=$10407.66
2026-06-24 14:50:00,187 | INFO | Heartbeat: 5min_candles=2000 1h_candles=500 levels_tracked=371 trend=UP open_position=no balance=$10407.66
2026-06-24 14:55:00,549 | INFO | Heartbeat: 5min_candles=2000 1h_candles=500 levels_tracked=371 trend=UP open_position=no balance=$10407.66
2026-06-24 15:00:00,925 | INFO | Heartbeat: 5min_candles=2000 1h_candles=500 levels_tracked=371 trend=UP open_position=no balance=$10407.66
2026-06-24 15:05:00,196 | INFO | Heartbeat: 5min_candles=2000 1h_candles=500 levels_tracked=371 trend=UP open_position=no balance=$10407.66
2026-06-24 15:10:00,485 | INFO | Heartbeat: 5min_candles=2000 1h_candles=500 levels_tracked=371 trend=UP open_position=no balance=$10407.66
2026-06-24 15:15:00,732 | INFO | Heartbeat: 5min_candles=2000 1h_candles=500 levels_tracked=371 trend=UP open_position=no balance=$10407.66
2026-06-24 15:20:00,241 | INFO | Heartbeat: 5min_candles=2000 1h_candles=500 levels_tracked=371 trend=UP open_position=no balance=$10407.66
2026-06-24 15:25:00,580 | INFO | Heartbeat: 5min_candles=2000 1h_candles=500 levels_tracked=371 trend=UP open_position=no balance=$10407.66
2026-06-24 15:30:00,903 | INFO | Heartbeat: 5min_candles=2000 1h_candles=500 levels_tracked=371 trend=UP open_position=no balance=$10407.66
2026-06-24 15:35:00,206 | INFO | Heartbeat: 5min_candles=2000 1h_candles=500 levels_tracked=371 trend=UP open_position=no balance=$10407.66
2026-06-24 15:40:00,592 | INFO | Heartbeat: 5min_candles=2000 1h_candles=500 levels_tracked=371 trend=UP open_position=no balance=$10407.66
2026-06-24 15:45:00,990 | INFO | Heartbeat: 5min_candles=2000 1h_candles=500 levels_tracked=371 trend=UP open_position=no balance=$10407.66
2026-06-24 15:50:00,357 | INFO | New resistance level identified: 779.95
2026-06-24 15:50:00,364 | INFO | Heartbeat: 5min_candles=2000 1h_candles=500 levels_tracked=372 trend=UP open_position=no balance=$10407.66
2026-06-24 15:55:00,765 | INFO | Heartbeat: 5min_candles=2000 1h_candles=500 levels_tracked=372 trend=UP open_position=no balance=$10407.66
2026-06-24 16:00:00,114 | INFO | Heartbeat: 5min_candles=2000 1h_candles=500 levels_tracked=372 trend=UP open_position=no balance=$10407.66
2026-06-24 16:05:00,586 | INFO | Heartbeat: 5min_candles=2000 1h_candles=500 levels_tracked=372 trend=UP open_position=no balance=$10407.66
2026-06-24 16:10:00,045 | INFO | Heartbeat: 5min_candles=2000 1h_candles=500 levels_tracked=372 trend=UP open_position=no balance=$10420.15
2026-06-24 16:15:00,580 | INFO | Heartbeat: 5min_candles=2000 1h_candles=500 levels_tracked=372 trend=UP open_position=no balance=$10420.15
2026-06-24 16:20:00,064 | INFO | Heartbeat: 5min_candles=2000 1h_candles=500 levels_tracked=372 trend=UP open_position=no balance=$10420.15
2026-06-24 16:25:00,590 | INFO | Heartbeat: 5min_candles=2000 1h_candles=500 levels_tracked=372 trend=UP open_position=no balance=$10420.15
2026-06-24 16:30:00,124 | INFO | Heartbeat: 5min_candles=2000 1h_candles=500 levels_tracked=372 trend=UP open_position=no balance=$10420.15
2026-06-24 16:35:00,651 | INFO | Heartbeat: 5min_candles=2000 1h_candles=500 levels_tracked=372 trend=UP open_position=no balance=$10420.15
2026-06-24 16:40:00,164 | INFO | New support level identified: 765.86
2026-06-24 16:40:00,179 | INFO | Heartbeat: 5min_candles=2000 1h_candles=500 levels_tracked=373 trend=UP open_position=no balance=$10420.15
2026-06-24 16:45:00,709 | INFO | Heartbeat: 5min_candles=2000 1h_candles=500 levels_tracked=373 trend=UP open_position=no balance=$10420.15
2026-06-24 16:50:00,182 | INFO | Heartbeat: 5min_candles=2000 1h_candles=500 levels_tracked=373 trend=UP open_position=no balance=$10420.15
2026-06-24 16:55:00,562 | INFO | Heartbeat: 5min_candles=2000 1h_candles=500 levels_tracked=373 trend=UP open_position=no balance=$10420.15
2026-06-24 17:00:00,882 | INFO | New support level identified: 766.54
2026-06-24 17:00:00,897 | INFO | Heartbeat: 5min_candles=2000 1h_candles=500 levels_tracked=374 trend=UP open_position=no balance=$10420.15
2026-06-24 17:05:00,268 | INFO | Heartbeat: 5min_candles=2000 1h_candles=500 levels_tracked=374 trend=UP open_position=no balance=$10420.15
2026-06-24 17:10:00,092 | INFO | Heartbeat: 5min_candles=2000 1h_candles=500 levels_tracked=374 trend=UP open_position=no balance=$10420.15
2026-06-24 17:15:00,525 | INFO | Heartbeat: 5min_candles=2000 1h_candles=500 levels_tracked=374 trend=UP open_position=no balance=$10420.15
2026-06-24 17:20:00,058 | INFO | Heartbeat: 5min_candles=2000 1h_candles=500 levels_tracked=374 trend=UP open_position=no balance=$10420.15
2026-06-24 17:25:00,440 | INFO | Heartbeat: 5min_candles=2000 1h_candles=500 levels_tracked=374 trend=UP open_position=no balance=$10420.15
2026-06-24 17:30:00,763 | INFO | Heartbeat: 5min_candles=2000 1h_candles=500 levels_tracked=374 trend=UP open_position=no balance=$10420.15
2026-06-24 17:35:00,142 | INFO | Heartbeat: 5min_candles=2000 1h_candles=500 levels_tracked=374 trend=UP open_position=no balance=$10420.15
2026-06-24 17:40:00,580 | INFO | New resistance level identified: 789.52
2026-06-24 17:40:00,594 | INFO | Heartbeat: 5min_candles=2000 1h_candles=500 levels_tracked=375 trend=UP open_position=no balance=$10420.15
2026-06-24 17:45:00,957 | INFO | Heartbeat: 5min_candles=2000 1h_candles=500 levels_tracked=375 trend=UP open_position=no balance=$10420.15
2026-06-24 17:50:00,345 | INFO | New support level identified: 776.49
2026-06-24 17:50:00,357 | INFO | Heartbeat: 5min_candles=2000 1h_candles=500 levels_tracked=376 trend=UP open_position=no balance=$10420.15
2026-06-24 17:55:00,868 | INFO | Heartbeat: 5min_candles=2000 1h_candles=500 levels_tracked=376 trend=UP open_position=no balance=$10420.15
2026-06-24 18:00:00,405 | INFO | Heartbeat: 5min_candles=2000 1h_candles=500 levels_tracked=376 trend=UP open_position=no balance=$10420.15
2026-06-24 18:05:00,963 | INFO | Heartbeat: 5min_candles=2000 1h_candles=500 levels_tracked=376 trend=UP open_position=no balance=$10420.15
2026-06-24 18:10:00,502 | INFO | Heartbeat: 5min_candles=2000 1h_candles=500 levels_tracked=376 trend=UP open_position=no balance=$10420.15
2026-06-24 18:15:00,325 | INFO | Heartbeat: 5min_candles=2000 1h_candles=500 levels_tracked=376 trend=UP open_position=no balance=$10420.15
2026-06-24 18:20:00,776 | INFO | Heartbeat: 5min_candles=2000 1h_candles=500 levels_tracked=376 trend=UP open_position=no balance=$10420.15
2026-06-24 18:25:00,287 | INFO | New resistance level identified: 784.62
2026-06-24 18:25:00,301 | INFO | Heartbeat: 5min_candles=2000 1h_candles=500 levels_tracked=377 trend=UP open_position=no balance=$10420.15
2026-06-24 18:30:00,837 | INFO | Heartbeat: 5min_candles=2000 1h_candles=500 levels_tracked=377 trend=UP open_position=no balance=$10420.15
2026-06-24 18:35:00,339 | INFO | New support level identified: 777.12
2026-06-24 18:35:00,353 | INFO | Heartbeat: 5min_candles=2000 1h_candles=500 levels_tracked=378 trend=UP open_position=no balance=$10420.15
2026-06-24 18:40:00,845 | INFO | Heartbeat: 5min_candles=2000 1h_candles=500 levels_tracked=378 trend=UP open_position=no balance=$10420.15
2026-06-24 18:45:00,361 | INFO | Heartbeat: 5min_candles=2000 1h_candles=500 levels_tracked=378 trend=UP open_position=no balance=$10420.15
2026-06-24 18:50:00,884 | INFO | New resistance level identified: 782.98
2026-06-24 18:50:00,892 | INFO | Heartbeat: 5min_candles=2000 1h_candles=500 levels_tracked=379 trend=UP open_position=no balance=$10420.15
2026-06-24 18:55:00,370 | INFO | Heartbeat: 5min_candles=2000 1h_candles=500 levels_tracked=379 trend=UP open_position=no balance=$10420.15
2026-06-24 19:00:00,941 | INFO | Heartbeat: 5min_candles=2000 1h_candles=500 levels_tracked=379 trend=UP open_position=no balance=$10420.15
2026-06-24 19:05:00,455 | INFO | Heartbeat: 5min_candles=2000 1h_candles=500 levels_tracked=379 trend=UP open_position=no balance=$10420.15
2026-06-24 19:10:01,009 | INFO | Heartbeat: 5min_candles=2000 1h_candles=500 levels_tracked=379 trend=UP open_position=no balance=$10420.15
2026-06-24 19:15:00,508 | INFO | New support level identified: 768.10
2026-06-24 19:15:00,519 | INFO | Heartbeat: 5min_candles=2000 1h_candles=500 levels_tracked=380 trend=UP open_position=no balance=$10420.15
2026-06-24 19:20:00,079 | INFO | Heartbeat: 5min_candles=2000 1h_candles=500 levels_tracked=380 trend=UP open_position=no balance=$10420.15
2026-06-24 19:25:00,380 | INFO | Heartbeat: 5min_candles=2000 1h_candles=500 levels_tracked=380 trend=UP open_position=no balance=$10420.15
2026-06-24 19:30:00,728 | INFO | Heartbeat: 5min_candles=2000 1h_candles=500 levels_tracked=380 trend=UP open_position=no balance=$10362.51
2026-06-24 19:35:00,230 | INFO | New resistance level identified: 778.86
2026-06-24 19:35:00,254 | INFO | Heartbeat: 5min_candles=2000 1h_candles=500 levels_tracked=381 trend=UP open_position=no balance=$10362.51
2026-06-24 19:40:00,769 | INFO | Heartbeat: 5min_candles=2000 1h_candles=500 levels_tracked=381 trend=UP open_position=no balance=$10362.51
2026-06-24 19:45:00,254 | INFO | Heartbeat: 5min_candles=2000 1h_candles=500 levels_tracked=381 trend=UP open_position=no balance=$10362.51
2026-06-24 19:50:00,778 | INFO | New support level identified: 773.15
2026-06-24 19:50:00,792 | INFO | Heartbeat: 5min_candles=2000 1h_candles=500 levels_tracked=382 trend=UP open_position=no balance=$10362.51
2026-06-24 19:55:00,292 | INFO | Heartbeat: 5min_candles=2000 1h_candles=500 levels_tracked=382 trend=UP open_position=no balance=$10362.51
2026-06-24 20:00:00,820 | INFO | Heartbeat: 5min_candles=2000 1h_candles=500 levels_tracked=382 trend=UP open_position=no balance=$10231.31
2026-06-24 20:05:00,393 | INFO | Heartbeat: 5min_candles=2000 1h_candles=500 levels_tracked=382 trend=UP open_position=no balance=$10231.31
2026-06-24 20:10:00,981 | INFO | Heartbeat: 5min_candles=2000 1h_candles=500 levels_tracked=382 trend=UP open_position=no balance=$10231.31
2026-06-24 20:15:00,512 | INFO | Heartbeat: 5min_candles=2000 1h_candles=500 levels_tracked=382 trend=UP open_position=no balance=$10231.31
2026-06-24 20:20:01,013 | INFO | Heartbeat: 5min_candles=2000 1h_candles=500 levels_tracked=382 trend=UP open_position=no balance=$10231.31
2026-06-24 20:25:00,542 | INFO | New resistance level identified: 785.05
2026-06-24 20:25:00,555 | INFO | Heartbeat: 5min_candles=2000 1h_candles=500 levels_tracked=383 trend=UP open_position=no balance=$10231.31
2026-06-24 20:30:00,168 | INFO | Heartbeat: 5min_candles=2000 1h_candles=500 levels_tracked=383 trend=UP open_position=no balance=$10231.31
2026-06-24 20:35:00,615 | INFO | Heartbeat: 5min_candles=2000 1h_candles=500 levels_tracked=383 trend=UP open_position=no balance=$10231.31
2026-06-24 20:40:00,099 | INFO | New support level identified: 779.83
2026-06-24 20:40:00,110 | INFO | Heartbeat: 5min_candles=2000 1h_candles=500 levels_tracked=384 trend=UP open_position=no balance=$10231.31
2026-06-24 20:45:00,581 | INFO | Heartbeat: 5min_candles=2000 1h_candles=500 levels_tracked=384 trend=UP open_position=no balance=$10231.31
2026-06-24 20:50:00,022 | INFO | Heartbeat: 5min_candles=2000 1h_candles=500 levels_tracked=384 trend=UP open_position=no balance=$10231.31
2026-06-24 20:55:00,400 | INFO | Heartbeat: 5min_candles=2000 1h_candles=500 levels_tracked=384 trend=UP open_position=no balance=$10202.73
2026-06-24 21:00:00,782 | INFO | Heartbeat: 5min_candles=2000 1h_candles=500 levels_tracked=384 trend=UP open_position=no balance=$10202.73
2026-06-24 21:05:00,144 | INFO | New resistance level identified: 796.23
2026-06-24 21:05:00,152 | INFO | Heartbeat: 5min_candles=2000 1h_candles=500 levels_tracked=385 trend=UP open_position=no balance=$10202.73
2026-06-24 21:10:00,669 | INFO | Heartbeat: 5min_candles=2000 1h_candles=500 levels_tracked=385 trend=UP open_position=no balance=$10202.73
2026-06-24 21:10:09,680 | WARNING | STALE PRICE DETECTED: quote_time=2026-06-24 18:09:39.226000+00:00 is 30s old (max allowed: 30s). Skipping this price update -- NOT trading on stale data.
2026-06-24 21:15:00,264 | INFO | Heartbeat: 5min_candles=2000 1h_candles=500 levels_tracked=385 trend=UP open_position=no balance=$10202.73
2026-06-24 21:20:00,686 | INFO | Heartbeat: 5min_candles=2000 1h_candles=500 levels_tracked=385 trend=UP open_position=no balance=$10202.73
2026-06-24 21:25:00,149 | INFO | Heartbeat: 5min_candles=2000 1h_candles=500 levels_tracked=385 trend=UP open_position=no balance=$10202.73
2026-06-24 21:30:00,620 | INFO | Heartbeat: 5min_candles=2000 1h_candles=500 levels_tracked=385 trend=UP open_position=no balance=$10053.12
2026-06-24 21:35:00,067 | INFO | Heartbeat: 5min_candles=2000 1h_candles=500 levels_tracked=385 trend=UP open_position=no balance=$10053.12
2026-06-24 21:40:00,534 | INFO | Heartbeat: 5min_candles=2000 1h_candles=500 levels_tracked=385 trend=UP open_position=no balance=$10053.12
2026-06-24 21:45:00,990 | INFO | Heartbeat: 5min_candles=2000 1h_candles=500 levels_tracked=385 trend=UP open_position=no balance=$10053.12
2026-06-24 21:50:00,090 | INFO | Heartbeat: 5min_candles=2000 1h_candles=500 levels_tracked=385 trend=UP open_position=no balance=$10053.12
2026-06-24 21:55:00,486 | INFO | Heartbeat: 5min_candles=2000 1h_candles=500 levels_tracked=385 trend=UP open_position=no balance=$10053.12
2026-06-24 22:00:00,866 | INFO | Heartbeat: 5min_candles=2000 1h_candles=500 levels_tracked=385 trend=UP open_position=no balance=$10053.12
2026-06-24 22:05:00,284 | INFO | Heartbeat: 5min_candles=2000 1h_candles=500 levels_tracked=385 trend=UP open_position=no balance=$10053.12
2026-06-24 22:10:00,651 | INFO | Heartbeat: 5min_candles=2000 1h_candles=500 levels_tracked=385 trend=UP open_position=no balance=$10053.12
2026-06-24 22:15:00,026 | INFO | Heartbeat: 5min_candles=2000 1h_candles=500 levels_tracked=385 trend=UP open_position=no balance=$10053.12
2026-06-24 22:15:00,034 | INFO | Attempting to open BUY trade: volume=2.0 lots, risk target=1.0% of $10053.12, stop_distance=0.6446%
2026-06-24 22:15:00,875 | INFO | ✅ TRADE OPENED: BUY position_id=5696537520 volume=2.0 entry≈778.72
2026-06-24 22:20:00,054 | INFO | New support level identified: 773.70
2026-06-24 22:20:00,069 | INFO | Heartbeat: 5min_candles=2000 1h_candles=500 levels_tracked=386 trend=UP open_position=YES balance=$10053.12
2026-06-24 22:25:00,427 | INFO | Heartbeat: 5min_candles=2000 1h_candles=500 levels_tracked=386 trend=UP open_position=YES balance=$10053.12
2026-06-24 22:30:00,860 | INFO | Heartbeat: 5min_candles=2000 1h_candles=500 levels_tracked=386 trend=UP open_position=YES balance=$10053.12
2026-06-24 22:35:00,169 | INFO | New resistance level identified: 780.99
2026-06-24 22:35:00,194 | INFO | Heartbeat: 5min_candles=2000 1h_candles=500 levels_tracked=387 trend=UP open_position=YES balance=$10053.12
2026-06-24 22:35:01,016 | INFO | 🔚 TRADE CLOSED (initial or breakeven stop hit): position_id=5696537520 (total trades completed: 2)
2026-06-24 22:40:00,069 | INFO | Heartbeat: 5min_candles=2000 1h_candles=500 levels_tracked=387 trend=UP open_position=no balance=$10053.12
2026-06-24 22:45:00,451 | INFO | Heartbeat: 5min_candles=2000 1h_candles=500 levels_tracked=387 trend=UP open_position=no balance=$10043.74
2026-06-24 22:50:00,852 | INFO | New support level identified: 772.60
2026-06-24 22:50:00,865 | INFO | Heartbeat: 5min_candles=2000 1h_candles=500 levels_tracked=388 trend=UP open_position=no balance=$10043.74
2026-06-24 22:55:00,213 | INFO | Heartbeat: 5min_candles=2000 1h_candles=500 levels_tracked=388 trend=UP open_position=no balance=$10043.74
2026-06-24 22:55:00,228 | INFO | Attempting to open BUY trade: volume=2.0 lots, risk target=1.0% of $10011.57, stop_distance=1.3207%
2026-06-24 22:55:01,782 | INFO | ✅ TRADE OPENED: BUY position_id=5696567112 volume=2.0 entry≈782.94
2026-06-24 23:00:00,855 | INFO | Heartbeat: 5min_candles=2000 1h_candles=500 levels_tracked=388 trend=UP open_position=YES balance=$10011.57
2026-06-24 23:05:00,219 | INFO | Heartbeat: 5min_candles=2000 1h_candles=500 levels_tracked=388 trend=UP open_position=YES balance=$10011.57
2026-06-24 23:10:00,561 | INFO | New resistance level identified: 783.57
2026-06-24 23:10:00,576 | INFO | Heartbeat: 5min_candles=2000 1h_candles=500 levels_tracked=389 trend=UP open_position=YES balance=$10011.57
2026-06-24 23:15:00,034 | INFO | Heartbeat: 5min_candles=2000 1h_candles=500 levels_tracked=389 trend=UP open_position=YES balance=$10011.57
2026-06-24 23:20:00,426 | INFO | Heartbeat: 5min_candles=2000 1h_candles=500 levels_tracked=389 trend=UP open_position=YES balance=$10011.57
2026-06-24 23:20:01,272 | INFO | 🔚 TRADE CLOSED (initial or breakeven stop hit): position_id=5696567112 (total trades completed: 3)
2026-06-24 23:25:00,217 | INFO | Heartbeat: 5min_candles=2000 1h_candles=500 levels_tracked=389 trend=UP open_position=no balance=$10011.57
2026-06-24 23:30:00,747 | INFO | Heartbeat: 5min_candles=2000 1h_candles=500 levels_tracked=389 trend=UP open_position=no balance=$9986.51
2026-06-24 23:35:00,035 | INFO | Heartbeat: 5min_candles=2000 1h_candles=500 levels_tracked=389 trend=UP open_position=no balance=$9854.05
2026-06-24 23:40:00,584 | INFO | Heartbeat: 5min_candles=2000 1h_candles=500 levels_tracked=389 trend=UP open_position=no balance=$9854.05
2026-06-24 23:45:00,042 | INFO | New support level identified: 762.89
2026-06-24 23:45:00,071 | INFO | Heartbeat: 5min_candles=2000 1h_candles=500 levels_tracked=390 trend=UP open_position=no balance=$9854.05
2026-06-24 23:45:00,079 | INFO | Attempting to open BUY trade: volume=2.0 lots, risk target=1.0% of $9854.05, stop_distance=0.7287%
2026-06-24 23:45:00,981 | INFO | ✅ TRADE OPENED: BUY position_id=5696609537 volume=2.0 entry≈768.49
2026-06-24 23:50:00,092 | INFO | Heartbeat: 5min_candles=2000 1h_candles=500 levels_tracked=390 trend=UP open_position=YES balance=$9854.05
2026-06-24 23:55:00,634 | INFO | Heartbeat: 5min_candles=2000 1h_candles=500 levels_tracked=390 trend=UP open_position=YES balance=$9854.05
2026-06-25 00:00:00,167 | INFO | Heartbeat: 5min_candles=2000 1h_candles=500 levels_tracked=390 trend=UP open_position=YES balance=$9854.05
2026-06-25 00:05:00,713 | INFO | Heartbeat: 5min_candles=2000 1h_candles=500 levels_tracked=390 trend=UP open_position=YES balance=$9854.05
2026-06-25 00:10:00,204 | INFO | Heartbeat: 5min_candles=2000 1h_candles=500 levels_tracked=390 trend=UP open_position=YES balance=$9854.05
2026-06-25 00:15:00,677 | INFO | Heartbeat: 5min_candles=2000 1h_candles=500 levels_tracked=390 trend=UP open_position=YES balance=$9854.05
2026-06-25 00:20:00,072 | INFO | New resistance level identified: 773.67
2026-06-25 00:20:00,073 | INFO | New support level identified: 766.51
2026-06-25 00:20:00,085 | INFO | Heartbeat: 5min_candles=2000 1h_candles=500 levels_tracked=392 trend=UP open_position=YES balance=$9868.15
2026-06-25 00:25:00,506 | INFO | Heartbeat: 5min_candles=2000 1h_candles=500 levels_tracked=392 trend=UP open_position=YES balance=$9868.15
2026-06-25 00:30:00,902 | INFO | Heartbeat: 5min_candles=2000 1h_candles=500 levels_tracked=392 trend=UP open_position=YES balance=$9868.15
2026-06-25 00:35:00,422 | INFO | Heartbeat: 5min_candles=2000 1h_candles=500 levels_tracked=392 trend=UP open_position=YES balance=$9868.15
2026-06-25 00:40:00,752 | INFO | Heartbeat: 5min_candles=2000 1h_candles=500 levels_tracked=392 trend=UP open_position=YES balance=$9868.15
2026-06-25 00:45:00,123 | INFO | New support level identified: 766.69
2026-06-25 00:45:00,135 | INFO | Heartbeat: 5min_candles=2000 1h_candles=500 levels_tracked=393 trend=UP open_position=YES balance=$9868.15
2026-06-25 00:45:00,144 | INFO | Position 5696609537: breakeven reached after 2 favorable candles -- stop moved to entry price 768.49, Stage 3 trailing active.
2026-06-25 00:50:00,618 | INFO | Heartbeat: 5min_candles=2000 1h_candles=500 levels_tracked=393 trend=UP open_position=YES balance=$9857.40
2026-06-25 00:55:00,908 | INFO | Heartbeat: 5min_candles=2000 1h_candles=500 levels_tracked=393 trend=UP open_position=YES balance=$9857.40
2026-06-25 01:00:00,370 | INFO | New resistance level identified: 773.20
2026-06-25 01:00:00,384 | INFO | Heartbeat: 5min_candles=2000 1h_candles=500 levels_tracked=394 trend=UP open_position=YES balance=$9857.40
2026-06-25 01:05:00,803 | INFO | Heartbeat: 5min_candles=2000 1h_candles=500 levels_tracked=394 trend=UP open_position=YES balance=$9857.40
2026-06-25 01:10:00,212 | INFO | Heartbeat: 5min_candles=2000 1h_candles=500 levels_tracked=394 trend=UP open_position=YES balance=$9857.40
2026-06-25 01:15:00,643 | INFO | Heartbeat: 5min_candles=2000 1h_candles=500 levels_tracked=394 trend=UP open_position=YES balance=$9857.40
2026-06-25 01:20:01,006 | INFO | Heartbeat: 5min_candles=2000 1h_candles=500 levels_tracked=394 trend=UP open_position=YES balance=$9857.40
2026-06-25 01:20:01,834 | INFO | 🔚 TRADE CLOSED (stage3 trailing stop hit): position_id=5696609537 (total trades completed: 4)
2026-06-25 01:25:00,871 | INFO | Heartbeat: 5min_candles=2000 1h_candles=500 levels_tracked=394 trend=UP open_position=no balance=$9857.40
2026-06-25 01:30:00,608 | INFO | Heartbeat: 5min_candles=2000 1h_candles=500 levels_tracked=394 trend=UP open_position=no balance=$9861.41
2026-06-25 01:35:00,205 | INFO | New support level identified: 769.28
2026-06-25 01:35:00,218 | INFO | Heartbeat: 5min_candles=2000 1h_candles=500 levels_tracked=395 trend=UP open_position=no balance=$9861.41
2026-06-25 01:40:00,857 | INFO | Heartbeat: 5min_candles=2000 1h_candles=500 levels_tracked=395 trend=UP open_position=no balance=$9861.41
2026-06-25 01:44:14,201 | INFO | Shutting down: closing connection and background tasks ...
2026-06-25 01:44:14,202 | ERROR | packet queue is empty, aborting
2026-06-25 01:44:14,202 | ERROR | packet queue is empty, aborting
2026-06-25 01:50:45,254 | INFO | Shutdown complete.
2026-06-25 01:50:45,284 | ERROR | Unexpected error: RuntimeError('Event loop stopped before Future completed.')
Traceback (most recent call last):
  File "/Users/user/Sites/projects/mt5-trading-bot/live_bots/1HZ100V/live_mt5_trading_bot.py", line 1074, in main
    asyncio.run(run_bot())
  File "/usr/local/Cellar/python@3.11/3.11.15_3/Frameworks/Python.framework/Versions/3.11/lib/python3.11/asyncio/runners.py", line 190, in run
    return runner.run(main)
           ^^^^^^^^^^^^^^^^
  File "/usr/local/Cellar/python@3.11/3.11.15_3/Frameworks/Python.framework/Versions/3.11/lib/python3.11/asyncio/runners.py", line 118, in run
    return self._loop.run_until_complete(task)
           ^^^^^^^^^^^^^^^^^^^^^^^^^^^^^^^^^^^
  File "/usr/local/Cellar/python@3.11/3.11.15_3/Frameworks/Python.framework/Versions/3.11/lib/python3.11/asyncio/base_events.py", line 652, in run_until_complete
    raise RuntimeError('Event loop stopped before Future completed.')
RuntimeError: Event loop stopped before Future completed.
