2026-06-24 07:55:25,475 | INFO | Starting MT5 live trading bot for 'Volatility 90 (1s) Index' ...
2026-06-24 07:55:25,475 | INFO | Strategy: EMA(14)-1H trend + S/R (lookback=3, tolerance=0.05%) + 10-pattern entry
2026-06-24 07:55:25,475 | INFO | Exit: initial stop (window=10) -> breakeven after 2 favorable candles -> Stage3 trail (window=2)
2026-06-24 07:55:25,476 | INFO | Risk per trade: 1.0% of current balance
2026-06-24 07:55:25,476 | INFO | Preloading historical data from /Users/user/Sites/projects/mt5-trading-bot/markets/1HZ90V/data/1HZ90V_5min.csv ...
2026-06-24 07:55:25,948 | INFO | Historical data freshness OK: most recent candle is 3.2 hours old.
2026-06-24 07:55:29,572 | INFO | Loaded 2000 historical 5min candles.
2026-06-24 07:55:29,648 | INFO | Built 500 historical 1h candles.
2026-06-24 07:55:29,655 | INFO | Replayed swing-level detection -- 365 levels identified from historical data.
2026-06-24 07:55:29,666 | INFO | Trend filter immediately usable after preload: trend=UP
2026-06-24 07:55:36,581 | INFO | Connected. Balance: $9913.19
2026-06-24 07:55:38,813 | INFO | Polling live prices and building candles ... (Ctrl+C to stop)

2026-06-24 07:55:38,824 | INFO | Heartbeat: 5min_candles=2000 1h_candles=500 levels_tracked=365 trend=UP open_position=no balance=$9913.19
2026-06-24 08:00:00,069 | INFO | Heartbeat: 5min_candles=2000 1h_candles=500 levels_tracked=365 trend=UP open_position=no balance=$9913.19
2026-06-24 08:02:31,133 | ERROR | packet queue is empty, aborting
2026-06-24 08:02:31,134 | ERROR | packet queue is empty, aborting
2026-06-24 08:03:01,137 | ERROR | Unexpected error: RuntimeError('Event loop stopped before Future completed.')
Traceback (most recent call last):
  File "/Users/user/Sites/projects/mt5-trading-bot/live_bots/1HZ90V/live_mt5_trading_bot.py", line 1049, in main
    asyncio.run(run_bot())
  File "/usr/local/Cellar/python@3.11/3.11.15_3/Frameworks/Python.framework/Versions/3.11/lib/python3.11/asyncio/runners.py", line 190, in run
    return runner.run(main)
           ^^^^^^^^^^^^^^^^
  File "/usr/local/Cellar/python@3.11/3.11.15_3/Frameworks/Python.framework/Versions/3.11/lib/python3.11/asyncio/runners.py", line 118, in run
    return self._loop.run_until_complete(task)
           ^^^^^^^^^^^^^^^^^^^^^^^^^^^^^^^^^^^
  File "/usr/local/Cellar/python@3.11/3.11.15_3/Frameworks/Python.framework/Versions/3.11/lib/python3.11/asyncio/base_events.py", line 652, in run_until_complete
    raise RuntimeError('Event loop stopped before Future completed.')
RuntimeError: Event loop stopped before Future completed.
