2026-06-24 08:14:41,802 | INFO | Starting MT5 live trading bot for 'Volatility 90 (1s) Index' ...
2026-06-24 08:14:41,803 | INFO | Strategy: EMA(14)-1H trend + S/R (lookback=3, tolerance=0.05%) + 10-pattern entry
2026-06-24 08:14:41,803 | INFO | Exit: initial stop (window=10) -> breakeven after 2 favorable candles -> Stage3 trail (window=2)
2026-06-24 08:14:41,803 | INFO | Risk per trade: 1.0% of current balance
2026-06-24 08:14:41,803 | INFO | Preloading historical data from /Users/user/Sites/projects/mt5-trading-bot/markets/1HZ90V/data/1HZ90V_5min.csv ...
2026-06-24 08:14:42,351 | INFO | Historical data freshness OK: most recent candle is 3.5 hours old.
2026-06-24 08:14:46,140 | INFO | Loaded 2000 historical 5min candles.
2026-06-24 08:14:46,208 | INFO | Built 500 historical 1h candles.
2026-06-24 08:14:46,214 | INFO | Replayed swing-level detection -- 365 levels identified from historical data.
2026-06-24 08:14:46,224 | INFO | Trend filter immediately usable after preload: trend=UP
2026-06-24 08:15:08,181 | INFO | Connected. Balance: $9913.19
2026-06-24 08:15:10,354 | INFO | Polling live prices and building candles ... (Ctrl+C to stop)

2026-06-24 08:15:10,355 | ERROR | CONNECTION HEALTH CHECK FAILED: quote streaming unhealthy
2026-06-24 08:15:10,812 | INFO | Heartbeat: 5min_candles=2000 1h_candles=500 levels_tracked=365 trend=UP open_position=no balance=$9913.19
2026-06-24 08:16:10,884 | INFO | Connection health RECOVERED.
2026-06-24 08:20:00,652 | INFO | Heartbeat: 5min_candles=2000 1h_candles=500 levels_tracked=365 trend=UP open_position=no balance=$9913.19
2026-06-24 08:25:00,061 | INFO | Heartbeat: 5min_candles=2000 1h_candles=500 levels_tracked=365 trend=UP open_position=no balance=$9913.19
2026-06-24 08:30:00,482 | INFO | Heartbeat: 5min_candles=2000 1h_candles=500 levels_tracked=365 trend=UP open_position=no balance=$9913.19
2026-06-24 08:35:00,886 | INFO | Heartbeat: 5min_candles=2000 1h_candles=500 levels_tracked=365 trend=UP open_position=no balance=$9913.19
2026-06-24 08:40:00,279 | INFO | Heartbeat: 5min_candles=2000 1h_candles=500 levels_tracked=365 trend=UP open_position=no balance=$9913.19
2026-06-24 08:45:00,688 | INFO | Heartbeat: 5min_candles=2000 1h_candles=500 levels_tracked=365 trend=UP open_position=no balance=$9892.49
2026-06-24 08:50:00,084 | INFO | New resistance level identified: 8754.31
2026-06-24 08:50:00,092 | INFO | Heartbeat: 5min_candles=2000 1h_candles=500 levels_tracked=366 trend=UP open_position=no balance=$9892.49
2026-06-24 08:55:00,546 | INFO | Heartbeat: 5min_candles=2000 1h_candles=500 levels_tracked=366 trend=UP open_position=no balance=$9892.49
2026-06-24 09:00:00,937 | INFO | Heartbeat: 5min_candles=2000 1h_candles=500 levels_tracked=366 trend=UP open_position=no balance=$9892.49
2026-06-24 09:05:01,011 | INFO | Heartbeat: 5min_candles=2000 1h_candles=500 levels_tracked=366 trend=UP open_position=no balance=$9892.49
2026-06-24 09:10:00,468 | INFO | Heartbeat: 5min_candles=2000 1h_candles=500 levels_tracked=366 trend=UP open_position=no balance=$9892.49
2026-06-24 09:15:00,887 | INFO | Heartbeat: 5min_candles=2000 1h_candles=500 levels_tracked=366 trend=UP open_position=no balance=$9892.49
2026-06-24 09:20:00,202 | INFO | New support level identified: 8653.83
2026-06-24 09:20:00,215 | INFO | Heartbeat: 5min_candles=2000 1h_candles=500 levels_tracked=367 trend=UP open_position=no balance=$9892.49
2026-06-24 09:25:00,697 | INFO | Heartbeat: 5min_candles=2000 1h_candles=500 levels_tracked=367 trend=UP open_position=no balance=$9892.49
2026-06-24 09:30:00,061 | INFO | Heartbeat: 5min_candles=2000 1h_candles=500 levels_tracked=367 trend=UP open_position=no balance=$9892.49
2026-06-24 09:35:00,629 | INFO | Heartbeat: 5min_candles=2000 1h_candles=500 levels_tracked=367 trend=UP open_position=no balance=$9892.49
2026-06-24 09:40:00,058 | INFO | Heartbeat: 5min_candles=2000 1h_candles=500 levels_tracked=367 trend=UP open_position=no balance=$9892.49
2026-06-24 09:45:00,489 | INFO | Heartbeat: 5min_candles=2000 1h_candles=500 levels_tracked=367 trend=UP open_position=no balance=$9892.49
2026-06-24 09:50:00,936 | INFO | New resistance level identified: 8775.32
2026-06-24 09:50:00,947 | INFO | Heartbeat: 5min_candles=2000 1h_candles=500 levels_tracked=368 trend=UP open_position=no balance=$9835.33
2026-06-24 09:55:00,326 | INFO | Heartbeat: 5min_candles=2000 1h_candles=500 levels_tracked=368 trend=UP open_position=no balance=$9835.33
2026-06-24 10:00:00,788 | INFO | New support level identified: 8704.57
2026-06-24 10:00:00,799 | INFO | Heartbeat: 5min_candles=2000 1h_candles=500 levels_tracked=369 trend=UP open_position=no balance=$9835.33
2026-06-24 10:05:00,177 | INFO | Heartbeat: 5min_candles=2000 1h_candles=500 levels_tracked=369 trend=UP open_position=no balance=$9835.33
2026-06-24 10:10:00,627 | INFO | Heartbeat: 5min_candles=2000 1h_candles=500 levels_tracked=369 trend=UP open_position=no balance=$9835.33
2026-06-24 10:15:00,075 | INFO | Heartbeat: 5min_candles=2000 1h_candles=500 levels_tracked=369 trend=UP open_position=no balance=$9835.33
2026-06-24 10:20:00,441 | INFO | Heartbeat: 5min_candles=2000 1h_candles=500 levels_tracked=369 trend=UP open_position=no balance=$9835.33
2026-06-24 10:25:00,891 | INFO | Heartbeat: 5min_candles=2000 1h_candles=500 levels_tracked=369 trend=UP open_position=no balance=$9835.33
2026-06-24 10:30:00,267 | INFO | Heartbeat: 5min_candles=2000 1h_candles=500 levels_tracked=369 trend=UP open_position=no balance=$9835.33
2026-06-24 10:35:00,713 | INFO | New resistance level identified: 8829.29
2026-06-24 10:35:00,729 | INFO | Heartbeat: 5min_candles=2000 1h_candles=500 levels_tracked=370 trend=UP open_position=no balance=$9835.33
2026-06-24 10:40:00,113 | INFO | Heartbeat: 5min_candles=2000 1h_candles=500 levels_tracked=370 trend=UP open_position=no balance=$9835.33
2026-06-24 10:45:00,563 | INFO | Heartbeat: 5min_candles=2000 1h_candles=500 levels_tracked=370 trend=UP open_position=no balance=$9835.33
2026-06-24 10:50:00,936 | INFO | New support level identified: 8741.65
2026-06-24 10:50:00,948 | INFO | Heartbeat: 5min_candles=2000 1h_candles=500 levels_tracked=371 trend=UP open_position=no balance=$9835.33
2026-06-24 10:51:36,071 | WARNING | STALE PRICE DETECTED: quote_time=2026-06-24 07:51:05.226000+00:00 is 31s old (max allowed: 30s). Skipping this price update -- NOT trading on stale data.
2026-06-24 10:51:42,424 | WARNING | Telegram notification failed: ClientConnectorDNSError(ConnectionKey(host='api.telegram.org', port=443, is_ssl=True, ssl=True, proxy=None, proxy_auth=None, proxy_headers_hash=None, server_hostname=None), gaierror(8, 'nodename nor servname provided, or not known'))
2026-06-24 10:52:06,464 | WARNING | STALE PRICE DETECTED: quote_time=2026-06-24 07:51:05.226000+00:00 is 61s old (max allowed: 30s). Skipping this price update -- NOT trading on stale data.
2026-06-24 10:52:06,469 | WARNING | Telegram notification failed: ClientConnectorDNSError(ConnectionKey(host='api.telegram.org', port=443, is_ssl=True, ssl=True, proxy=None, proxy_auth=None, proxy_headers_hash=None, server_hostname=None), gaierror(8, 'nodename nor servname provided, or not known'))
2026-06-24 10:52:25,511 | ERROR | CONNECTION HEALTH CHECK FAILED: API connection lost, broker connection lost, terminal not synchronized
2026-06-24 10:52:35,605 | WARNING | Telegram notification failed: TimeoutError()
2026-06-24 10:52:36,610 | WARNING | STALE PRICE DETECTED: quote_time=2026-06-24 07:51:05.226000+00:00 is 91s old (max allowed: 30s). Skipping this price update -- NOT trading on stale data.
2026-06-24 10:53:25,977 | INFO | Connection health RECOVERED.
2026-06-24 10:55:00,599 | INFO | Heartbeat: 5min_candles=2000 1h_candles=500 levels_tracked=371 trend=UP open_position=no balance=$9835.33
2026-06-24 11:00:01,000 | INFO | Heartbeat: 5min_candles=2000 1h_candles=500 levels_tracked=371 trend=UP open_position=no balance=$9835.33
2026-06-24 11:05:00,465 | INFO | Heartbeat: 5min_candles=2000 1h_candles=500 levels_tracked=371 trend=UP open_position=no balance=$9835.33
2026-06-24 11:10:00,918 | INFO | Heartbeat: 5min_candles=2000 1h_candles=500 levels_tracked=371 trend=UP open_position=no balance=$9835.33
2026-06-24 11:15:00,323 | INFO | New resistance level identified: 8830.44
2026-06-24 11:15:00,335 | INFO | Heartbeat: 5min_candles=2000 1h_candles=500 levels_tracked=372 trend=UP open_position=no balance=$9835.33
2026-06-24 11:20:00,752 | INFO | Heartbeat: 5min_candles=2000 1h_candles=500 levels_tracked=372 trend=UP open_position=no balance=$9835.33
2026-06-24 11:25:00,183 | INFO | Heartbeat: 5min_candles=2000 1h_candles=500 levels_tracked=372 trend=UP open_position=no balance=$9835.33
2026-06-24 11:30:00,591 | INFO | New support level identified: 8786.43
2026-06-24 11:30:00,605 | INFO | Heartbeat: 5min_candles=2000 1h_candles=500 levels_tracked=373 trend=UP open_position=no balance=$9835.33
2026-06-24 11:35:01,014 | INFO | Heartbeat: 5min_candles=2000 1h_candles=500 levels_tracked=373 trend=UP open_position=no balance=$9835.33
2026-06-24 11:40:00,543 | INFO | New resistance level identified: 8860.34
2026-06-24 11:40:00,556 | INFO | Heartbeat: 5min_candles=2000 1h_candles=500 levels_tracked=374 trend=UP open_position=no balance=$9835.33
2026-06-24 11:45:00,126 | INFO | Heartbeat: 5min_candles=2000 1h_candles=500 levels_tracked=374 trend=UP open_position=no balance=$9835.33
2026-06-24 11:50:00,673 | INFO | Heartbeat: 5min_candles=2000 1h_candles=500 levels_tracked=374 trend=UP open_position=no balance=$9835.33
2026-06-24 11:55:00,819 | INFO | Heartbeat: 5min_candles=2000 1h_candles=500 levels_tracked=374 trend=UP open_position=no balance=$9835.33
2026-06-24 12:00:00,403 | INFO | Heartbeat: 5min_candles=2000 1h_candles=500 levels_tracked=374 trend=UP open_position=no balance=$9835.33
2026-06-24 12:05:00,020 | INFO | Heartbeat: 5min_candles=2000 1h_candles=500 levels_tracked=374 trend=UP open_position=no balance=$9835.33
2026-06-24 12:10:00,576 | INFO | New support level identified: 8756.17
2026-06-24 12:10:00,589 | INFO | Heartbeat: 5min_candles=2000 1h_candles=500 levels_tracked=375 trend=UP open_position=no balance=$9835.33
2026-06-24 12:15:00,149 | INFO | Heartbeat: 5min_candles=2000 1h_candles=500 levels_tracked=375 trend=UP open_position=no balance=$9835.33
2026-06-24 12:20:00,634 | INFO | Heartbeat: 5min_candles=2000 1h_candles=500 levels_tracked=375 trend=UP open_position=no balance=$9835.33
2026-06-24 12:25:00,114 | INFO | Heartbeat: 5min_candles=2000 1h_candles=500 levels_tracked=375 trend=UP open_position=no balance=$9835.33
2026-06-24 12:30:00,687 | INFO | Heartbeat: 5min_candles=2000 1h_candles=500 levels_tracked=375 trend=UP open_position=no balance=$9835.33
2026-06-24 12:35:00,970 | INFO | New resistance level identified: 8810.02
2026-06-24 12:35:00,994 | INFO | Heartbeat: 5min_candles=2000 1h_candles=500 levels_tracked=376 trend=UP open_position=no balance=$10419.10
2026-06-24 12:40:00,307 | INFO | Heartbeat: 5min_candles=2000 1h_candles=500 levels_tracked=376 trend=UP open_position=no balance=$10419.10
2026-06-24 12:45:00,627 | INFO | New support level identified: 8734.71
2026-06-24 12:45:00,641 | INFO | Heartbeat: 5min_candles=2000 1h_candles=500 levels_tracked=377 trend=UP open_position=no balance=$10419.10
2026-06-24 12:50:00,041 | INFO | Heartbeat: 5min_candles=2000 1h_candles=500 levels_tracked=377 trend=UP open_position=no balance=$10419.10
2026-06-24 12:55:00,337 | INFO | New resistance level identified: 8815.67
2026-06-24 12:55:00,412 | INFO | Heartbeat: 5min_candles=2000 1h_candles=500 levels_tracked=378 trend=UP open_position=no balance=$10419.10
2026-06-24 13:00:00,764 | INFO | Heartbeat: 5min_candles=2000 1h_candles=500 levels_tracked=378 trend=UP open_position=no balance=$10419.66
2026-06-24 13:00:00,776 | INFO | Attempting to open BUY trade: volume=1.967 lots, risk target=1.0% of $10419.66, stop_distance=0.6025%
2026-06-24 13:00:01,042 | ERROR | Order failed: TradeException('Invalid volume in the request')
2026-06-24 13:05:00,474 | INFO | Heartbeat: 5min_candles=2000 1h_candles=500 levels_tracked=378 trend=UP open_position=no balance=$10419.66
2026-06-24 13:10:00,929 | INFO | Heartbeat: 5min_candles=2000 1h_candles=500 levels_tracked=378 trend=UP open_position=no balance=$10419.66
2026-06-24 13:11:36,036 | WARNING | STALE PRICE DETECTED: quote_time=2026-06-24 10:11:05.196000+00:00 is 31s old (max allowed: 30s). Skipping this price update -- NOT trading on stale data.
2026-06-24 13:11:40,171 | ERROR | CONNECTION HEALTH CHECK FAILED: terminal not synchronized
2026-06-24 13:12:41,038 | INFO | Connection health RECOVERED.
2026-06-24 13:15:00,609 | INFO | Heartbeat: 5min_candles=2000 1h_candles=500 levels_tracked=378 trend=UP open_position=no balance=$10419.66
2026-06-24 13:20:00,130 | INFO | Heartbeat: 5min_candles=2000 1h_candles=500 levels_tracked=378 trend=UP open_position=no balance=$10419.66
2026-06-24 13:25:00,416 | INFO | Heartbeat: 5min_candles=2000 1h_candles=500 levels_tracked=378 trend=UP open_position=no balance=$10419.66
2026-06-24 13:30:00,726 | INFO | New support level identified: 8720.38
2026-06-24 13:30:00,736 | INFO | Heartbeat: 5min_candles=2000 1h_candles=500 levels_tracked=379 trend=UP open_position=no balance=$10419.66
2026-06-24 13:35:01,008 | INFO | Heartbeat: 5min_candles=2000 1h_candles=500 levels_tracked=379 trend=UP open_position=no balance=$10419.66
2026-06-24 13:40:00,365 | INFO | Heartbeat: 5min_candles=2000 1h_candles=500 levels_tracked=379 trend=UP open_position=no balance=$10419.66
2026-06-24 13:45:00,683 | INFO | Heartbeat: 5min_candles=2000 1h_candles=500 levels_tracked=379 trend=UP open_position=no balance=$10419.66
2026-06-24 13:50:00,054 | INFO | New support level identified: 8727.64
2026-06-24 13:50:00,070 | INFO | Heartbeat: 5min_candles=2000 1h_candles=500 levels_tracked=380 trend=UP open_position=no balance=$10419.66
2026-06-24 13:55:00,365 | INFO | New resistance level identified: 8795.17
2026-06-24 13:55:00,399 | INFO | Heartbeat: 5min_candles=2000 1h_candles=500 levels_tracked=381 trend=UP open_position=no balance=$10419.66
2026-06-24 14:00:00,806 | INFO | Heartbeat: 5min_candles=2000 1h_candles=500 levels_tracked=381 trend=UP open_position=no balance=$10419.66
2026-06-24 14:05:00,239 | INFO | Heartbeat: 5min_candles=2000 1h_candles=500 levels_tracked=381 trend=UP open_position=no balance=$10419.66
2026-06-24 14:10:00,643 | INFO | New support level identified: 8717.84
2026-06-24 14:10:00,658 | INFO | Heartbeat: 5min_candles=2000 1h_candles=500 levels_tracked=382 trend=UP open_position=no balance=$10419.66
2026-06-24 14:15:00,660 | INFO | Heartbeat: 5min_candles=2000 1h_candles=500 levels_tracked=382 trend=UP open_position=no balance=$10419.66
2026-06-24 14:20:00,931 | INFO | New resistance level identified: 8766.25
2026-06-24 14:20:00,943 | INFO | Heartbeat: 5min_candles=2000 1h_candles=500 levels_tracked=383 trend=UP open_position=no balance=$10407.66
2026-06-24 14:25:00,312 | INFO | Heartbeat: 5min_candles=2000 1h_candles=500 levels_tracked=383 trend=UP open_position=no balance=$10407.66
2026-06-24 14:30:00,610 | INFO | Heartbeat: 5min_candles=2000 1h_candles=500 levels_tracked=383 trend=UP open_position=no balance=$10407.66
2026-06-24 14:35:00,909 | INFO | Heartbeat: 5min_candles=2000 1h_candles=500 levels_tracked=383 trend=UP open_position=no balance=$10407.66
2026-06-24 14:40:00,140 | INFO | Heartbeat: 5min_candles=2000 1h_candles=500 levels_tracked=383 trend=UP open_position=no balance=$10407.66
2026-06-24 14:45:00,440 | INFO | New support level identified: 8688.15
2026-06-24 14:45:00,455 | INFO | Heartbeat: 5min_candles=2000 1h_candles=500 levels_tracked=384 trend=UP open_position=no balance=$10407.66
2026-06-24 14:50:00,899 | INFO | New resistance level identified: 8771.41
2026-06-24 14:50:00,909 | INFO | Heartbeat: 5min_candles=2000 1h_candles=500 levels_tracked=385 trend=UP open_position=no balance=$10407.66
2026-06-24 14:55:00,314 | INFO | Heartbeat: 5min_candles=2000 1h_candles=500 levels_tracked=385 trend=UP open_position=no balance=$10407.66
2026-06-24 15:00:00,667 | INFO | Heartbeat: 5min_candles=2000 1h_candles=500 levels_tracked=385 trend=UP open_position=no balance=$10407.66
2026-06-24 15:00:00,676 | INFO | Attempting to open BUY trade: volume=1.37 lots, risk target=1.0% of $10407.66, stop_distance=0.8670%
2026-06-24 15:00:01,557 | INFO | ✅ TRADE OPENED: BUY position_id=5696129193 volume=1.37 entry≈8761.45
2026-06-24 15:00:01,981 | WARNING | Telegram notification failed (status 429): {"ok":false,"error_code":429,"description":"Too Many Requests: retry after 300","parameters":{"retry_after":300}}
2026-06-24 15:05:00,238 | INFO | Heartbeat: 5min_candles=2000 1h_candles=500 levels_tracked=385 trend=UP open_position=YES balance=$10407.66
2026-06-24 15:10:00,508 | INFO | New support level identified: 8685.49
2026-06-24 15:10:00,519 | INFO | Heartbeat: 5min_candles=2000 1h_candles=500 levels_tracked=386 trend=UP open_position=YES balance=$10407.66
2026-06-24 15:15:00,768 | INFO | Heartbeat: 5min_candles=2000 1h_candles=500 levels_tracked=386 trend=UP open_position=YES balance=$10407.66
2026-06-24 15:20:00,034 | INFO | New resistance level identified: 8792.06
2026-06-24 15:20:00,048 | INFO | Heartbeat: 5min_candles=2000 1h_candles=500 levels_tracked=387 trend=UP open_position=YES balance=$10407.66
2026-06-24 15:25:00,353 | INFO | Heartbeat: 5min_candles=2000 1h_candles=500 levels_tracked=387 trend=UP open_position=YES balance=$10407.66
2026-06-24 15:30:00,646 | INFO | Heartbeat: 5min_candles=2000 1h_candles=500 levels_tracked=387 trend=UP open_position=YES balance=$10407.66
2026-06-24 15:35:00,086 | INFO | Heartbeat: 5min_candles=2000 1h_candles=500 levels_tracked=387 trend=UP open_position=YES balance=$10407.66
2026-06-24 15:40:00,446 | INFO | Heartbeat: 5min_candles=2000 1h_candles=500 levels_tracked=387 trend=UP open_position=YES balance=$10407.66
2026-06-24 15:40:00,455 | INFO | Position 5696129193: breakeven reached after 2 favorable candles -- stop moved to entry price 8761.45, Stage 3 trailing active.
2026-06-24 15:45:00,848 | INFO | New support level identified: 8692.53
2026-06-24 15:45:00,856 | INFO | Heartbeat: 5min_candles=2000 1h_candles=500 levels_tracked=388 trend=UP open_position=YES balance=$10407.66
2026-06-24 15:50:00,250 | INFO | Heartbeat: 5min_candles=2000 1h_candles=500 levels_tracked=388 trend=UP open_position=YES balance=$10407.66
2026-06-24 15:55:00,665 | INFO | Heartbeat: 5min_candles=2000 1h_candles=500 levels_tracked=388 trend=UP open_position=YES balance=$10407.66
2026-06-24 16:00:01,038 | INFO | Heartbeat: 5min_candles=2000 1h_candles=500 levels_tracked=388 trend=UP open_position=YES balance=$10407.66
2026-06-24 16:00:01,908 | INFO | 🔚 TRADE CLOSED (stage3 trailing stop hit): position_id=5696129193 (total trades completed: 1)
2026-06-24 16:00:02,373 | WARNING | Telegram notification failed (status 429): {"ok":false,"error_code":429,"description":"Too Many Requests: retry after 301","parameters":{"retry_after":301}}
2026-06-24 16:05:00,681 | INFO | Heartbeat: 5min_candles=2000 1h_candles=500 levels_tracked=388 trend=UP open_position=no balance=$10407.66
2026-06-24 16:10:00,115 | INFO | New resistance level identified: 8814.01
2026-06-24 16:10:00,127 | INFO | Heartbeat: 5min_candles=2000 1h_candles=500 levels_tracked=389 trend=UP open_position=no balance=$10420.15
2026-06-24 16:15:00,674 | INFO | Heartbeat: 5min_candles=2000 1h_candles=500 levels_tracked=389 trend=UP open_position=no balance=$10420.15
2026-06-24 16:20:00,140 | INFO | Heartbeat: 5min_candles=2000 1h_candles=500 levels_tracked=389 trend=UP open_position=no balance=$10420.15
2026-06-24 16:25:00,655 | INFO | Heartbeat: 5min_candles=2000 1h_candles=500 levels_tracked=389 trend=UP open_position=no balance=$10420.15
2026-06-24 16:30:00,294 | INFO | Heartbeat: 5min_candles=2000 1h_candles=500 levels_tracked=389 trend=UP open_position=no balance=$10420.15
2026-06-24 16:35:00,798 | INFO | Heartbeat: 5min_candles=2000 1h_candles=500 levels_tracked=389 trend=UP open_position=no balance=$10420.15
2026-06-24 16:40:00,300 | INFO | Heartbeat: 5min_candles=2000 1h_candles=500 levels_tracked=389 trend=UP open_position=no balance=$10420.15
2026-06-24 16:45:00,833 | INFO | Heartbeat: 5min_candles=2000 1h_candles=500 levels_tracked=389 trend=UP open_position=no balance=$10420.15
2026-06-24 16:50:00,243 | INFO | Heartbeat: 5min_candles=2000 1h_candles=500 levels_tracked=389 trend=UP open_position=no balance=$10420.15
2026-06-24 16:55:00,602 | INFO | New support level identified: 8559.45
2026-06-24 16:55:00,609 | INFO | Heartbeat: 5min_candles=2000 1h_candles=500 levels_tracked=390 trend=UP open_position=no balance=$10420.15
2026-06-24 17:00:00,943 | INFO | Heartbeat: 5min_candles=2000 1h_candles=500 levels_tracked=390 trend=UP open_position=no balance=$10420.15
2026-06-24 17:05:00,300 | INFO | New resistance level identified: 8630.45
2026-06-24 17:05:00,310 | INFO | Heartbeat: 5min_candles=2000 1h_candles=500 levels_tracked=391 trend=UP open_position=no balance=$10420.15
2026-06-24 17:10:00,092 | INFO | Heartbeat: 5min_candles=2000 1h_candles=500 levels_tracked=391 trend=UP open_position=no balance=$10420.15
2026-06-24 17:15:00,513 | INFO | Heartbeat: 5min_candles=2000 1h_candles=500 levels_tracked=391 trend=UP open_position=no balance=$10420.15
2026-06-24 17:20:00,058 | INFO | Heartbeat: 5min_candles=2000 1h_candles=500 levels_tracked=391 trend=UP open_position=no balance=$10420.15
2026-06-24 17:25:00,434 | INFO | New resistance level identified: 8635.96
2026-06-24 17:25:00,443 | INFO | Heartbeat: 5min_candles=2000 1h_candles=500 levels_tracked=392 trend=UP open_position=no balance=$10420.15
2026-06-24 17:30:00,761 | INFO | Heartbeat: 5min_candles=2000 1h_candles=500 levels_tracked=392 trend=UP open_position=no balance=$10420.15
2026-06-24 17:35:00,064 | INFO | New support level identified: 8580.85
2026-06-24 17:35:00,144 | INFO | Heartbeat: 5min_candles=2000 1h_candles=500 levels_tracked=393 trend=UP open_position=no balance=$10420.15
2026-06-24 17:40:00,592 | INFO | Heartbeat: 5min_candles=2000 1h_candles=500 levels_tracked=393 trend=UP open_position=no balance=$10420.15
2026-06-24 17:45:00,957 | INFO | Heartbeat: 5min_candles=2000 1h_candles=500 levels_tracked=393 trend=UP open_position=no balance=$10420.15
2026-06-24 17:50:00,345 | INFO | Heartbeat: 5min_candles=2000 1h_candles=500 levels_tracked=393 trend=UP open_position=no balance=$10420.15
2026-06-24 17:55:00,854 | INFO | New resistance level identified: 8678.67
2026-06-24 17:55:00,867 | INFO | Heartbeat: 5min_candles=2000 1h_candles=500 levels_tracked=394 trend=UP open_position=no balance=$10420.15
2026-06-24 18:00:00,404 | INFO | Heartbeat: 5min_candles=2000 1h_candles=500 levels_tracked=394 trend=UP open_position=no balance=$10420.15
2026-06-24 18:05:00,962 | INFO | Heartbeat: 5min_candles=2000 1h_candles=500 levels_tracked=394 trend=UP open_position=no balance=$10420.15
2026-06-24 18:10:00,489 | INFO | New support level identified: 8538.40
2026-06-24 18:10:00,503 | INFO | Heartbeat: 5min_candles=2000 1h_candles=500 levels_tracked=395 trend=UP open_position=no balance=$10420.15
2026-06-24 18:15:00,325 | INFO | Heartbeat: 5min_candles=2000 1h_candles=500 levels_tracked=395 trend=FLAT open_position=no balance=$10420.15
2026-06-24 18:20:00,776 | INFO | Heartbeat: 5min_candles=2000 1h_candles=500 levels_tracked=395 trend=UP open_position=no balance=$10420.15
2026-06-24 18:25:00,300 | INFO | Heartbeat: 5min_candles=2000 1h_candles=500 levels_tracked=395 trend=UP open_position=no balance=$10420.15
2026-06-24 18:30:00,854 | INFO | Heartbeat: 5min_candles=2000 1h_candles=500 levels_tracked=395 trend=UP open_position=no balance=$10420.15
2026-06-24 18:35:00,351 | INFO | New support level identified: 8514.52
2026-06-24 18:35:00,360 | INFO | Heartbeat: 5min_candles=2000 1h_candles=500 levels_tracked=396 trend=UP open_position=no balance=$10420.15
2026-06-24 18:40:00,844 | INFO | Heartbeat: 5min_candles=2000 1h_candles=500 levels_tracked=396 trend=UP open_position=no balance=$10420.15
2026-06-24 18:45:00,361 | INFO | Heartbeat: 5min_candles=2000 1h_candles=500 levels_tracked=396 trend=UP open_position=no balance=$10420.15
2026-06-24 18:50:00,892 | INFO | Heartbeat: 5min_candles=2000 1h_candles=500 levels_tracked=396 trend=UP open_position=no balance=$10420.15
2026-06-24 18:55:00,375 | INFO | Heartbeat: 5min_candles=2000 1h_candles=500 levels_tracked=396 trend=UP open_position=no balance=$10420.15
2026-06-24 19:00:00,925 | INFO | New resistance level identified: 8656.95
2026-06-24 19:00:00,941 | INFO | Heartbeat: 5min_candles=2000 1h_candles=500 levels_tracked=397 trend=UP open_position=no balance=$10420.15
2026-06-24 19:05:00,456 | INFO | Heartbeat: 5min_candles=2000 1h_candles=500 levels_tracked=397 trend=UP open_position=no balance=$10420.15
2026-06-24 19:10:01,010 | INFO | Heartbeat: 5min_candles=2000 1h_candles=500 levels_tracked=397 trend=UP open_position=no balance=$10420.15
2026-06-24 19:15:00,517 | INFO | Heartbeat: 5min_candles=2000 1h_candles=500 levels_tracked=397 trend=UP open_position=no balance=$10420.15
2026-06-24 19:20:00,079 | INFO | Heartbeat: 5min_candles=2000 1h_candles=500 levels_tracked=397 trend=UP open_position=no balance=$10420.15
2026-06-24 19:25:00,380 | INFO | Heartbeat: 5min_candles=2000 1h_candles=500 levels_tracked=397 trend=UP open_position=no balance=$10420.15
2026-06-24 19:30:00,721 | INFO | New support level identified: 8545.10
2026-06-24 19:30:00,729 | INFO | Heartbeat: 5min_candles=2000 1h_candles=500 levels_tracked=398 trend=UP open_position=no balance=$10362.51
2026-06-24 19:35:00,263 | INFO | Heartbeat: 5min_candles=2000 1h_candles=500 levels_tracked=398 trend=UP open_position=no balance=$10362.51
2026-06-24 19:40:00,769 | INFO | Heartbeat: 5min_candles=2000 1h_candles=500 levels_tracked=398 trend=UP open_position=no balance=$10362.51
2026-06-24 19:45:00,253 | INFO | Heartbeat: 5min_candles=2000 1h_candles=500 levels_tracked=398 trend=UP open_position=no balance=$10362.51
2026-06-24 19:50:00,792 | INFO | Heartbeat: 5min_candles=2000 1h_candles=500 levels_tracked=398 trend=UP open_position=no balance=$10362.51
2026-06-24 19:55:00,279 | INFO | New support level identified: 8543.02
2026-06-24 19:55:00,292 | INFO | Heartbeat: 5min_candles=2000 1h_candles=500 levels_tracked=399 trend=UP open_position=no balance=$10362.51
2026-06-24 20:00:00,821 | INFO | Heartbeat: 5min_candles=2000 1h_candles=500 levels_tracked=399 trend=UP open_position=no balance=$10231.31
2026-06-24 20:05:00,382 | INFO | New resistance level identified: 8608.32
2026-06-24 20:05:00,395 | INFO | Heartbeat: 5min_candles=2000 1h_candles=500 levels_tracked=400 trend=UP open_position=no balance=$10231.31
2026-06-24 20:05:00,402 | INFO | Attempting to open BUY trade: volume=2.0 lots, risk target=1.0% of $10231.31, stop_distance=0.4980%
2026-06-24 20:05:01,235 | INFO | ✅ TRADE OPENED: BUY position_id=5696425556 volume=2.0 entry≈8585.78
2026-06-24 20:10:00,433 | INFO | Heartbeat: 5min_candles=2000 1h_candles=500 levels_tracked=400 trend=UP open_position=YES balance=$10231.31
2026-06-24 20:15:00,979 | INFO | Heartbeat: 5min_candles=2000 1h_candles=500 levels_tracked=400 trend=UP open_position=YES balance=$10231.31
2026-06-24 20:20:00,447 | INFO | Heartbeat: 5min_candles=2000 1h_candles=500 levels_tracked=400 trend=UP open_position=YES balance=$10231.31
2026-06-24 20:25:00,952 | INFO | New resistance level identified: 8613.24
2026-06-24 20:25:00,966 | INFO | Heartbeat: 5min_candles=2000 1h_candles=500 levels_tracked=401 trend=UP open_position=YES balance=$10231.31
2026-06-24 20:30:00,499 | INFO | Heartbeat: 5min_candles=2000 1h_candles=500 levels_tracked=401 trend=UP open_position=YES balance=$10231.31
2026-06-24 20:30:00,520 | INFO | Position 5696425556: breakeven reached after 2 favorable candles -- stop moved to entry price 8585.78, Stage 3 trailing active.
2026-06-24 20:35:00,017 | INFO | Heartbeat: 5min_candles=2000 1h_candles=500 levels_tracked=401 trend=UP open_position=YES balance=$10231.31
2026-06-24 20:40:00,487 | INFO | Heartbeat: 5min_candles=2000 1h_candles=500 levels_tracked=401 trend=UP open_position=YES balance=$10231.31
2026-06-24 20:45:00,947 | INFO | Heartbeat: 5min_candles=2000 1h_candles=500 levels_tracked=401 trend=UP open_position=YES balance=$10231.31
2026-06-24 20:45:01,876 | INFO | 🔚 TRADE CLOSED (stage3 trailing stop hit): position_id=5696425556 (total trades completed: 2)
2026-06-24 20:50:00,066 | INFO | Heartbeat: 5min_candles=2000 1h_candles=500 levels_tracked=401 trend=UP open_position=no balance=$10231.31
2026-06-24 20:55:00,459 | INFO | New resistance level identified: 8635.77
2026-06-24 20:55:00,497 | INFO | Heartbeat: 5min_candles=2000 1h_candles=500 levels_tracked=402 trend=UP open_position=no balance=$10202.73
2026-06-24 20:55:00,513 | INFO | Attempting to open BUY trade: volume=2.0 lots, risk target=1.0% of $10202.73, stop_distance=0.3239%
2026-06-24 20:55:01,359 | INFO | ✅ TRADE OPENED: BUY position_id=5696467468 volume=2.0 entry≈8572.30
2026-06-24 21:00:00,404 | INFO | Heartbeat: 5min_candles=2000 1h_candles=500 levels_tracked=402 trend=UP open_position=YES balance=$10202.73
2026-06-24 21:05:00,786 | INFO | Heartbeat: 5min_candles=2000 1h_candles=500 levels_tracked=402 trend=UP open_position=YES balance=$10202.73
2026-06-24 21:10:00,287 | INFO | New support level identified: 8544.54
2026-06-24 21:10:00,345 | INFO | Heartbeat: 5min_candles=2000 1h_candles=500 levels_tracked=403 trend=UP open_position=YES balance=$10202.73
2026-06-24 21:10:08,377 | WARNING | STALE PRICE DETECTED: quote_time=2026-06-24 18:09:38.209000+00:00 is 30s old (max allowed: 30s). Skipping this price update -- NOT trading on stale data.
2026-06-24 21:15:00,909 | INFO | New resistance level identified: 8628.76
2026-06-24 21:15:00,921 | INFO | Heartbeat: 5min_candles=2000 1h_candles=500 levels_tracked=404 trend=UP open_position=YES balance=$10202.73
2026-06-24 21:20:00,381 | INFO | Heartbeat: 5min_candles=2000 1h_candles=500 levels_tracked=404 trend=FLAT open_position=YES balance=$10202.73
2026-06-24 21:20:01,219 | INFO | 🔚 TRADE CLOSED (initial or breakeven stop hit): position_id=5696467468 (total trades completed: 3)
2026-06-24 21:25:00,313 | INFO | Heartbeat: 5min_candles=2000 1h_candles=500 levels_tracked=404 trend=FLAT open_position=no balance=$10202.73
2026-06-24 21:30:00,842 | INFO | Heartbeat: 5min_candles=2000 1h_candles=500 levels_tracked=404 trend=FLAT open_position=no balance=$10053.12
2026-06-24 21:35:00,299 | INFO | Heartbeat: 5min_candles=2000 1h_candles=500 levels_tracked=404 trend=FLAT open_position=no balance=$10053.12
2026-06-24 21:40:00,798 | INFO | Heartbeat: 5min_candles=2000 1h_candles=500 levels_tracked=404 trend=FLAT open_position=no balance=$10053.12
2026-06-24 21:45:00,212 | INFO | Heartbeat: 5min_candles=2000 1h_candles=500 levels_tracked=404 trend=FLAT open_position=no balance=$10053.12
2026-06-24 21:50:00,413 | INFO | Heartbeat: 5min_candles=2000 1h_candles=500 levels_tracked=404 trend=FLAT open_position=no balance=$10053.12
2026-06-24 21:55:00,796 | INFO | New support level identified: 8457.97
2026-06-24 21:55:00,806 | INFO | Heartbeat: 5min_candles=2000 1h_candles=500 levels_tracked=405 trend=UP open_position=no balance=$10053.12
2026-06-24 22:00:00,187 | INFO | Heartbeat: 5min_candles=2000 1h_candles=500 levels_tracked=405 trend=UP open_position=no balance=$10053.12
2026-06-24 22:05:00,584 | INFO | Heartbeat: 5min_candles=2000 1h_candles=500 levels_tracked=405 trend=UP open_position=no balance=$10053.12
2026-06-24 22:05:00,593 | INFO | Attempting to open BUY trade: volume=0.934 lots, risk target=1.0% of $10053.12, stop_distance=1.2565%
2026-06-24 22:05:00,795 | ERROR | Order failed: TradeException('Invalid volume in the request')
2026-06-24 22:10:00,140 | INFO | Heartbeat: 5min_candles=2000 1h_candles=500 levels_tracked=405 trend=UP open_position=no balance=$10053.12
2026-06-24 22:15:00,535 | INFO | Heartbeat: 5min_candles=2000 1h_candles=500 levels_tracked=405 trend=UP open_position=no balance=$10053.12
2026-06-24 22:20:00,899 | INFO | Heartbeat: 5min_candles=2000 1h_candles=500 levels_tracked=405 trend=UP open_position=no balance=$10053.12
2026-06-24 22:25:00,281 | INFO | Heartbeat: 5min_candles=2000 1h_candles=500 levels_tracked=405 trend=UP open_position=no balance=$10053.12
2026-06-24 22:30:00,685 | INFO | Heartbeat: 5min_candles=2000 1h_candles=500 levels_tracked=405 trend=UP open_position=no balance=$10053.12
2026-06-24 22:35:00,148 | INFO | New resistance level identified: 8640.11
2026-06-24 22:35:00,176 | INFO | Heartbeat: 5min_candles=2000 1h_candles=500 levels_tracked=406 trend=UP open_position=no balance=$10053.12
2026-06-24 22:40:00,553 | INFO | Heartbeat: 5min_candles=2000 1h_candles=500 levels_tracked=406 trend=UP open_position=no balance=$10053.12
2026-06-24 22:45:00,956 | INFO | Heartbeat: 5min_candles=2000 1h_candles=500 levels_tracked=406 trend=UP open_position=no balance=$10043.74
2026-06-24 22:50:00,333 | INFO | Heartbeat: 5min_candles=2000 1h_candles=500 levels_tracked=406 trend=FLAT open_position=no balance=$10043.74
2026-06-24 22:55:00,702 | INFO | Heartbeat: 5min_candles=2000 1h_candles=500 levels_tracked=406 trend=FLAT open_position=no balance=$10043.74
2026-06-24 23:00:00,033 | INFO | Heartbeat: 5min_candles=2000 1h_candles=500 levels_tracked=406 trend=FLAT open_position=no balance=$10011.57
2026-06-24 23:05:00,426 | INFO | Heartbeat: 5min_candles=2000 1h_candles=500 levels_tracked=406 trend=FLAT open_position=no balance=$10011.57
2026-06-24 23:10:00,872 | INFO | Heartbeat: 5min_candles=2000 1h_candles=500 levels_tracked=406 trend=FLAT open_position=no balance=$10011.57
2026-06-24 23:15:00,372 | INFO | Heartbeat: 5min_candles=2000 1h_candles=500 levels_tracked=406 trend=FLAT open_position=no balance=$10011.57
2026-06-24 23:20:00,751 | INFO | Heartbeat: 5min_candles=2000 1h_candles=500 levels_tracked=406 trend=FLAT open_position=no balance=$10011.57
2026-06-24 23:25:00,038 | INFO | Heartbeat: 5min_candles=2000 1h_candles=500 levels_tracked=406 trend=FLAT open_position=no balance=$10011.57
2026-06-24 23:30:00,573 | INFO | Heartbeat: 5min_candles=2000 1h_candles=500 levels_tracked=406 trend=FLAT open_position=no balance=$9986.51
2026-06-24 23:35:00,996 | INFO | New support level identified: 8424.33
2026-06-24 23:35:01,006 | INFO | Heartbeat: 5min_candles=2000 1h_candles=500 levels_tracked=407 trend=FLAT open_position=no balance=$9854.05
2026-06-24 23:40:00,401 | INFO | New resistance level identified: 8485.14
2026-06-24 23:40:00,423 | INFO | Heartbeat: 5min_candles=2000 1h_candles=500 levels_tracked=408 trend=FLAT open_position=no balance=$9854.05
2026-06-24 23:45:00,829 | INFO | Heartbeat: 5min_candles=2000 1h_candles=500 levels_tracked=408 trend=FLAT open_position=no balance=$9854.05
2026-06-24 23:50:00,197 | INFO | Heartbeat: 5min_candles=2000 1h_candles=500 levels_tracked=408 trend=FLAT open_position=no balance=$9854.05
2026-06-24 23:55:00,734 | INFO | Heartbeat: 5min_candles=2000 1h_candles=500 levels_tracked=408 trend=FLAT open_position=no balance=$9854.05
2026-06-25 00:00:00,288 | INFO | Heartbeat: 5min_candles=2000 1h_candles=500 levels_tracked=408 trend=FLAT open_position=no balance=$9854.05
2026-06-25 00:05:00,825 | INFO | Heartbeat: 5min_candles=2000 1h_candles=500 levels_tracked=408 trend=FLAT open_position=no balance=$9854.05
2026-06-25 00:10:00,272 | INFO | Heartbeat: 5min_candles=2000 1h_candles=500 levels_tracked=408 trend=FLAT open_position=no balance=$9854.05
2026-06-25 00:15:00,677 | INFO | Heartbeat: 5min_candles=2000 1h_candles=500 levels_tracked=408 trend=FLAT open_position=no balance=$9854.05
2026-06-25 00:20:00,102 | INFO | Heartbeat: 5min_candles=2000 1h_candles=500 levels_tracked=408 trend=FLAT open_position=no balance=$9868.15
2026-06-25 00:25:00,506 | INFO | Heartbeat: 5min_candles=2000 1h_candles=500 levels_tracked=408 trend=FLAT open_position=no balance=$9868.15
2026-06-25 00:30:00,901 | INFO | Heartbeat: 5min_candles=2000 1h_candles=500 levels_tracked=408 trend=FLAT open_position=no balance=$9868.15
2026-06-25 00:35:00,409 | INFO | Heartbeat: 5min_candles=2000 1h_candles=500 levels_tracked=408 trend=FLAT open_position=no balance=$9868.15
2026-06-25 00:40:00,726 | INFO | Heartbeat: 5min_candles=2000 1h_candles=500 levels_tracked=408 trend=FLAT open_position=no balance=$9868.15
2026-06-25 00:45:00,121 | INFO | New support level identified: 8272.35
2026-06-25 00:45:00,131 | INFO | Heartbeat: 5min_candles=2000 1h_candles=500 levels_tracked=409 trend=FLAT open_position=no balance=$9868.15
2026-06-25 00:50:00,619 | INFO | Heartbeat: 5min_candles=2000 1h_candles=500 levels_tracked=409 trend=FLAT open_position=no balance=$9857.40
2026-06-25 00:55:00,909 | INFO | Heartbeat: 5min_candles=2000 1h_candles=500 levels_tracked=409 trend=FLAT open_position=no balance=$9857.40
2026-06-25 01:00:00,148 | INFO | Heartbeat: 5min_candles=2000 1h_candles=500 levels_tracked=409 trend=FLAT open_position=no balance=$9857.40
2026-06-25 01:05:00,465 | INFO | Heartbeat: 5min_candles=2000 1h_candles=500 levels_tracked=409 trend=FLAT open_position=no balance=$9857.40
2026-06-25 01:10:00,213 | INFO | Heartbeat: 5min_candles=2000 1h_candles=500 levels_tracked=409 trend=FLAT open_position=no balance=$9857.40
2026-06-25 01:15:00,645 | INFO | Heartbeat: 5min_candles=2000 1h_candles=500 levels_tracked=409 trend=FLAT open_position=no balance=$9857.40
2026-06-25 01:20:01,000 | INFO | Heartbeat: 5min_candles=2000 1h_candles=500 levels_tracked=409 trend=FLAT open_position=no balance=$9857.40
2026-06-25 01:25:00,736 | INFO | Heartbeat: 5min_candles=2000 1h_candles=500 levels_tracked=409 trend=FLAT open_position=no balance=$9857.40
2026-06-25 01:30:00,811 | INFO | Heartbeat: 5min_candles=2000 1h_candles=500 levels_tracked=409 trend=FLAT open_position=no balance=$9861.41
2026-06-25 01:35:00,570 | INFO | New resistance level identified: 8469.68
2026-06-25 01:35:00,592 | INFO | Heartbeat: 5min_candles=2000 1h_candles=500 levels_tracked=410 trend=FLAT open_position=no balance=$9861.41
2026-06-25 01:40:00,209 | INFO | Heartbeat: 5min_candles=2000 1h_candles=500 levels_tracked=410 trend=FLAT open_position=no balance=$9861.41
2026-06-25 01:44:15,897 | INFO | Shutting down: closing connection and background tasks ...
2026-06-25 01:44:15,901 | ERROR | packet queue is empty, aborting
2026-06-25 01:44:15,908 | ERROR | packet queue is empty, aborting
2026-06-25 01:50:47,011 | INFO | Shutdown complete.
2026-06-25 01:50:47,051 | ERROR | Unexpected error: RuntimeError('Event loop stopped before Future completed.')
Traceback (most recent call last):
  File "/Users/user/Sites/projects/mt5-trading-bot/live_bots/1HZ90V/live_mt5_trading_bot.py", line 1074, in main
    asyncio.run(run_bot())
  File "/usr/local/Cellar/python@3.11/3.11.15_3/Frameworks/Python.framework/Versions/3.11/lib/python3.11/asyncio/runners.py", line 190, in run
    return runner.run(main)
           ^^^^^^^^^^^^^^^^
  File "/usr/local/Cellar/python@3.11/3.11.15_3/Frameworks/Python.framework/Versions/3.11/lib/python3.11/asyncio/runners.py", line 118, in run
    return self._loop.run_until_complete(task)
           ^^^^^^^^^^^^^^^^^^^^^^^^^^^^^^^^^^^
  File "/usr/local/Cellar/python@3.11/3.11.15_3/Frameworks/Python.framework/Versions/3.11/lib/python3.11/asyncio/base_events.py", line 652, in run_until_complete
    raise RuntimeError('Event loop stopped before Future completed.')
RuntimeError: Event loop stopped before Future completed.
