2026-06-23 14:06:12,445 | INFO | Starting MT5 live trading bot for 'Volatility 25 (1s) Index' ...
2026-06-23 14:06:12,445 | INFO | Strategy: EMA(14)-1H trend + S/R (lookback=3, tolerance=0.05%) + 10-pattern entry
2026-06-23 14:06:12,445 | INFO | Exit: initial stop (window=10) -> breakeven after 2 favorable candles -> Stage3 trail (window=2)
2026-06-23 14:06:12,445 | INFO | Risk per trade: 1.0% of current balance
2026-06-23 14:06:12,446 | INFO | Preloading historical data from /Users/user/Sites/projects/mt5-trading-bot/src/live/../backtest/data/1HZ25V_5min.csv ...
2026-06-23 14:06:16,649 | INFO | Loaded 2000 historical 5min candles.
2026-06-23 14:06:16,676 | INFO | Built 500 historical 1h candles.
2026-06-23 14:06:16,681 | INFO | Replayed swing-level detection -- 350 levels identified from historical data.
2026-06-23 14:06:16,693 | INFO | Trend filter immediately usable after preload: trend=UP
2026-06-23 14:06:26,438 | INFO | Connected. Balance: $9022.35
2026-06-23 14:06:28,610 | INFO | Polling live prices and building candles ... (Ctrl+C to stop)

2026-06-23 14:06:28,611 | INFO | New resistance level identified: 855491.29
2026-06-23 14:06:28,623 | INFO | Heartbeat: 5min_candles=2000 1h_candles=500 levels_tracked=351 trend=UP open_position=no balance=$9022.35
2026-06-23 14:10:00,858 | INFO | Heartbeat: 5min_candles=2000 1h_candles=500 levels_tracked=351 trend=UP open_position=no balance=$9022.35
2026-06-23 14:15:00,246 | INFO | Heartbeat: 5min_candles=2000 1h_candles=500 levels_tracked=351 trend=UP open_position=no balance=$9022.35
2026-06-23 14:20:00,635 | INFO | Heartbeat: 5min_candles=2000 1h_candles=500 levels_tracked=351 trend=UP open_position=no balance=$9022.35
2026-06-23 14:25:00,948 | INFO | Heartbeat: 5min_candles=2000 1h_candles=500 levels_tracked=351 trend=UP open_position=no balance=$9022.35
2026-06-23 14:30:00,277 | INFO | Heartbeat: 5min_candles=2000 1h_candles=500 levels_tracked=351 trend=UP open_position=no balance=$9022.35
2026-06-23 14:35:00,703 | INFO | Heartbeat: 5min_candles=2000 1h_candles=500 levels_tracked=351 trend=UP open_position=no balance=$9022.35
2026-06-23 14:40:00,131 | INFO | Heartbeat: 5min_candles=2000 1h_candles=500 levels_tracked=351 trend=UP open_position=no balance=$9022.35
2026-06-23 14:45:00,894 | INFO | Heartbeat: 5min_candles=2000 1h_candles=500 levels_tracked=351 trend=UP open_position=no balance=$9022.35
2026-06-23 14:45:18,019 | ERROR | Task exception was never retrieved
future: <Task finished name='Task-31407' coro=<SubscriptionManager.schedule_subscribe.<locals>.subscribe_task() done, defined at /Users/user/Sites/projects/mt5-trading-bot/venv/lib/python3.11/site-packages/metaapi_cloud_sdk/clients/metaapi/subscription_manager.py:107> exception=KeyError('type')>
Traceback (most recent call last):
  File "/Users/user/Sites/projects/mt5-trading-bot/venv/lib/python3.11/site-packages/metaapi_cloud_sdk/clients/metaapi/subscription_manager.py", line 110, in subscribe_task
    await self.subscribe(account_id, instance_number)
  File "/Users/user/Sites/projects/mt5-trading-bot/venv/lib/python3.11/site-packages/metaapi_cloud_sdk/clients/metaapi/metaapi_websocket_client.py", line 1666, in rpc_request
    return await self._make_request(account_id, instance_number, request, timeout_in_seconds)
           ^^^^^^^^^^^^^^^^^^^^^^^^^^^^^^^^^^^^^^^^^^^^^^^^^^^^^^^^^^^^^^^^^^^^^^^^^^^^^^^^^^
  File "/Users/user/Sites/projects/mt5-trading-bot/venv/lib/python3.11/site-packages/metaapi_cloud_sdk/clients/metaapi/metaapi_websocket_client.py", line 1737, in _make_request
    resolve = await asyncio.wait_for(
              ^^^^^^^^^^^^^^^^^^^^^^^
  File "/usr/local/Cellar/python@3.11/3.11.15_3/Frameworks/Python.framework/Versions/3.11/lib/python3.11/asyncio/tasks.py", line 489, in wait_for
    return fut.result()
           ^^^^^^^^^^^^
metaapi_cloud_sdk.clients.error_handler.TooManyRequestsException: It seems like you are trying to access too many unexisting or undeployed trading accounts. Please check your application logs for occurrences of NotFoundError and make sure that you attempt to access trading accounts which are actually deployed in this region.

During handling of the above exception, another exception occurred:

Traceback (most recent call last):
  File "/Users/user/Sites/projects/mt5-trading-bot/venv/lib/python3.11/site-packages/metaapi_cloud_sdk/clients/metaapi/subscription_manager.py", line 116, in subscribe_task
    if err.metadata['type'] == 'LIMIT_ACCOUNT_SUBSCRIPTIONS_PER_USER':
       ~~~~~~~~~~~~^^^^^^^^
KeyError: 'type'
2026-06-23 14:50:00,944 | INFO | Heartbeat: 5min_candles=2000 1h_candles=500 levels_tracked=351 trend=UP open_position=no balance=$9022.35
2026-06-23 14:55:00,758 | INFO | Heartbeat: 5min_candles=2000 1h_candles=500 levels_tracked=351 trend=UP open_position=no balance=$9022.35
2026-06-23 15:00:00,196 | INFO | Heartbeat: 5min_candles=2000 1h_candles=500 levels_tracked=351 trend=UP open_position=no balance=$9022.35
2026-06-23 15:00:00,207 | INFO | Attempting to open BUY trade: volume=0.157 lots, risk target=1.0% of $9022.35, stop_distance=0.0675%
2026-06-23 15:00:01,817 | INFO | ✅ TRADE OPENED: BUY position_id=5695151164 volume=0.157 entry≈848767.20
2026-06-23 15:05:00,182 | INFO | Heartbeat: 5min_candles=2000 1h_candles=500 levels_tracked=351 trend=UP open_position=YES balance=$9022.35
2026-06-23 15:05:01,139 | INFO | 🔚 TRADE CLOSED (initial or breakeven stop hit): position_id=5695151164 (total trades completed: 1)
2026-06-23 15:10:00,488 | INFO | New resistance level identified: 849469.89
2026-06-23 15:10:00,495 | INFO | Heartbeat: 5min_candles=2000 1h_candles=500 levels_tracked=352 trend=UP open_position=no balance=$9022.35
2026-06-23 15:15:01,003 | INFO | Heartbeat: 5min_candles=2000 1h_candles=500 levels_tracked=352 trend=UP open_position=no balance=$8964.01
2026-06-23 15:20:00,354 | INFO | Heartbeat: 5min_candles=2000 1h_candles=500 levels_tracked=352 trend=UP open_position=no balance=$8964.01
2026-06-23 15:20:00,367 | INFO | Attempting to open BUY trade: volume=0.142 lots, risk target=1.0% of $8964.01, stop_distance=0.0742%
2026-06-23 15:20:01,252 | INFO | ✅ TRADE OPENED: BUY position_id=5695171948 volume=0.142 entry≈847849.56
2026-06-23 15:25:00,637 | INFO | New support level identified: 847220.60
2026-06-23 15:25:00,652 | INFO | Heartbeat: 5min_candles=2000 1h_candles=500 levels_tracked=353 trend=UP open_position=YES balance=$8964.01
2026-06-23 15:30:00,052 | INFO | Heartbeat: 5min_candles=2000 1h_candles=500 levels_tracked=353 trend=UP open_position=YES balance=$8964.01
2026-06-23 15:30:00,905 | INFO | 🔚 TRADE CLOSED (initial or breakeven stop hit): position_id=5695171948 (total trades completed: 2)
2026-06-23 15:35:00,243 | INFO | Heartbeat: 5min_candles=2000 1h_candles=500 levels_tracked=353 trend=UP open_position=no balance=$8964.01
2026-06-23 15:40:00,645 | INFO | New resistance level identified: 848954.34
2026-06-23 15:40:00,653 | INFO | Heartbeat: 5min_candles=2000 1h_candles=500 levels_tracked=354 trend=UP open_position=no balance=$8849.84
2026-06-23 15:45:00,070 | INFO | Heartbeat: 5min_candles=2000 1h_candles=500 levels_tracked=354 trend=UP open_position=no balance=$8849.84
2026-06-23 15:50:00,532 | INFO | Heartbeat: 5min_candles=2000 1h_candles=500 levels_tracked=354 trend=UP open_position=no balance=$8849.84
2026-06-23 15:55:00,027 | INFO | Heartbeat: 5min_candles=2000 1h_candles=500 levels_tracked=354 trend=UP open_position=no balance=$8849.84
2026-06-23 16:00:00,427 | INFO | Heartbeat: 5min_candles=2000 1h_candles=500 levels_tracked=354 trend=UP open_position=no balance=$8849.84
2026-06-23 16:05:00,897 | INFO | Heartbeat: 5min_candles=2000 1h_candles=500 levels_tracked=354 trend=UP open_position=no balance=$8849.84
2026-06-23 16:10:00,297 | INFO | Heartbeat: 5min_candles=2000 1h_candles=500 levels_tracked=354 trend=UP open_position=no balance=$8849.84
2026-06-23 16:15:00,763 | INFO | Heartbeat: 5min_candles=2000 1h_candles=500 levels_tracked=354 trend=UP open_position=no balance=$8849.84
2026-06-23 16:20:00,176 | INFO | Heartbeat: 5min_candles=2000 1h_candles=500 levels_tracked=354 trend=UP open_position=no balance=$8849.84
2026-06-23 16:25:00,787 | INFO | New support level identified: 842682.42
2026-06-23 16:25:00,794 | INFO | Heartbeat: 5min_candles=2000 1h_candles=500 levels_tracked=355 trend=UP open_position=no balance=$8849.84
2026-06-23 16:30:00,239 | INFO | Heartbeat: 5min_candles=2000 1h_candles=500 levels_tracked=355 trend=UP open_position=no balance=$8849.84
2026-06-23 16:35:00,596 | INFO | Heartbeat: 5min_candles=2000 1h_candles=500 levels_tracked=355 trend=UP open_position=no balance=$8849.84
2026-06-23 16:40:00,983 | INFO | Heartbeat: 5min_candles=2000 1h_candles=500 levels_tracked=355 trend=UP open_position=no balance=$8849.84
2026-06-23 16:45:00,533 | INFO | Heartbeat: 5min_candles=2000 1h_candles=500 levels_tracked=355 trend=UP open_position=no balance=$8849.84
2026-06-23 16:50:00,937 | INFO | Heartbeat: 5min_candles=2000 1h_candles=500 levels_tracked=355 trend=UP open_position=no balance=$8849.84
2026-06-23 16:55:00,446 | INFO | Heartbeat: 5min_candles=2000 1h_candles=500 levels_tracked=355 trend=UP open_position=no balance=$8849.84
2026-06-23 17:00:00,879 | INFO | Heartbeat: 5min_candles=2000 1h_candles=500 levels_tracked=355 trend=UP open_position=no balance=$8849.84
2026-06-23 17:05:00,312 | INFO | New resistance level identified: 845681.60
2026-06-23 17:05:00,322 | INFO | Heartbeat: 5min_candles=2000 1h_candles=500 levels_tracked=356 trend=UP open_position=no balance=$8849.84
2026-06-23 17:10:00,793 | INFO | New support level identified: 843352.03
2026-06-23 17:10:00,801 | INFO | Heartbeat: 5min_candles=2000 1h_candles=500 levels_tracked=357 trend=UP open_position=no balance=$8849.84
2026-06-23 17:15:00,175 | INFO | Heartbeat: 5min_candles=2000 1h_candles=500 levels_tracked=357 trend=UP open_position=no balance=$8849.84
2026-06-23 17:20:00,508 | INFO | Heartbeat: 5min_candles=2000 1h_candles=500 levels_tracked=357 trend=UP open_position=no balance=$8849.84
2026-06-23 17:25:00,901 | INFO | New resistance level identified: 846350.88
2026-06-23 17:25:00,911 | INFO | Heartbeat: 5min_candles=2000 1h_candles=500 levels_tracked=358 trend=UP open_position=no balance=$8849.84
2026-06-23 17:30:00,268 | INFO | Heartbeat: 5min_candles=2000 1h_candles=500 levels_tracked=358 trend=UP open_position=no balance=$8849.84
2026-06-23 17:35:00,745 | INFO | Heartbeat: 5min_candles=2000 1h_candles=500 levels_tracked=358 trend=UP open_position=no balance=$8849.84
2026-06-23 17:40:00,101 | INFO | New support level identified: 844880.49
2026-06-23 17:40:00,111 | INFO | Heartbeat: 5min_candles=2000 1h_candles=500 levels_tracked=359 trend=UP open_position=no balance=$8849.84
2026-06-23 17:45:00,457 | INFO | Heartbeat: 5min_candles=2000 1h_candles=500 levels_tracked=359 trend=UP open_position=no balance=$8849.84
2026-06-23 17:50:00,842 | INFO | New resistance level identified: 846758.61
2026-06-23 17:50:00,850 | INFO | Heartbeat: 5min_candles=2000 1h_candles=500 levels_tracked=360 trend=UP open_position=no balance=$8849.84
2026-06-23 17:50:00,859 | INFO | Attempting to open BUY trade: volume=0.043 lots, risk target=1.0% of $8849.84, stop_distance=0.2401%
2026-06-23 17:50:01,726 | INFO | ✅ TRADE OPENED: BUY position_id=5695322947 volume=0.043 entry≈846029.53
2026-06-23 17:55:00,666 | INFO | Heartbeat: 5min_candles=2000 1h_candles=500 levels_tracked=360 trend=UP open_position=YES balance=$8849.84
2026-06-23 18:00:00,039 | INFO | Heartbeat: 5min_candles=2000 1h_candles=500 levels_tracked=360 trend=UP open_position=YES balance=$8849.84
2026-06-23 18:00:00,047 | INFO | Position 5695322947: breakeven reached after 2 favorable candles -- stop moved to entry price 846029.53, Stage 3 trailing active.
2026-06-23 18:05:00,373 | INFO | New support level identified: 845401.24
2026-06-23 18:05:00,381 | INFO | Heartbeat: 5min_candles=2000 1h_candles=500 levels_tracked=361 trend=UP open_position=YES balance=$8849.84
2026-06-23 18:10:00,859 | INFO | Heartbeat: 5min_candles=2000 1h_candles=500 levels_tracked=361 trend=UP open_position=YES balance=$8849.84
2026-06-23 18:15:00,452 | INFO | Heartbeat: 5min_candles=2000 1h_candles=500 levels_tracked=361 trend=UP open_position=YES balance=$8849.84
2026-06-23 18:15:01,340 | INFO | 🔚 TRADE CLOSED (stage3 trailing stop hit): position_id=5695322947 (total trades completed: 3)
2026-06-23 18:20:00,750 | INFO | Heartbeat: 5min_candles=2000 1h_candles=500 levels_tracked=361 trend=UP open_position=no balance=$8849.84
2026-06-23 18:25:00,150 | INFO | New resistance level identified: 847583.12
2026-06-23 18:25:00,161 | INFO | Heartbeat: 5min_candles=2000 1h_candles=500 levels_tracked=362 trend=UP open_position=no balance=$8858.34
2026-06-23 18:25:00,172 | INFO | Attempting to open BUY trade: volume=0.081 lots, risk target=1.0% of $8858.34, stop_distance=0.1283%
2026-06-23 18:25:01,022 | INFO | ✅ TRADE OPENED: BUY position_id=5695352135 volume=0.081 entry≈846487.64
2026-06-23 18:30:00,381 | INFO | Heartbeat: 5min_candles=2000 1h_candles=500 levels_tracked=362 trend=UP open_position=YES balance=$8858.34
2026-06-23 18:35:00,762 | INFO | New support level identified: 845821.91
2026-06-23 18:35:00,771 | INFO | Heartbeat: 5min_candles=2000 1h_candles=500 levels_tracked=363 trend=UP open_position=YES balance=$8858.34
2026-06-23 18:40:00,168 | INFO | Heartbeat: 5min_candles=2000 1h_candles=500 levels_tracked=363 trend=UP open_position=YES balance=$8858.34
2026-06-23 18:45:00,581 | INFO | New resistance level identified: 847417.60
2026-06-23 18:45:00,588 | INFO | Heartbeat: 5min_candles=2000 1h_candles=500 levels_tracked=364 trend=UP open_position=YES balance=$8858.34
2026-06-23 18:45:00,595 | INFO | Position 5695352135: breakeven reached after 2 favorable candles -- stop moved to entry price 846487.64, Stage 3 trailing active.
2026-06-23 18:50:00,925 | INFO | Heartbeat: 5min_candles=2000 1h_candles=500 levels_tracked=364 trend=UP open_position=YES balance=$8858.34
2026-06-23 18:50:01,738 | INFO | 🔚 TRADE CLOSED (stage3 trailing stop hit): position_id=5695352135 (total trades completed: 4)
2026-06-23 18:55:00,127 | INFO | Heartbeat: 5min_candles=2000 1h_candles=500 levels_tracked=364 trend=UP open_position=no balance=$8858.34
2026-06-23 19:00:00,504 | INFO | Heartbeat: 5min_candles=2000 1h_candles=500 levels_tracked=364 trend=UP open_position=no balance=$8801.02
2026-06-23 19:00:00,512 | INFO | Attempting to open BUY trade: volume=0.071 lots, risk target=1.0% of $8801.02, stop_distance=0.1454%
2026-06-23 19:00:01,365 | INFO | ✅ TRADE OPENED: BUY position_id=5695383694 volume=0.071 entry≈845383.41
2026-06-23 19:05:00,802 | INFO | Heartbeat: 5min_candles=2000 1h_candles=500 levels_tracked=364 trend=UP open_position=YES balance=$8801.02
2026-06-23 19:10:00,183 | INFO | Heartbeat: 5min_candles=2000 1h_candles=500 levels_tracked=364 trend=UP open_position=YES balance=$8801.02
2026-06-23 19:10:00,194 | INFO | Position 5695383694: breakeven reached after 2 favorable candles -- stop moved to entry price 845383.41, Stage 3 trailing active.
2026-06-23 19:15:00,595 | INFO | New support level identified: 844153.87
2026-06-23 19:15:00,602 | INFO | Heartbeat: 5min_candles=2000 1h_candles=500 levels_tracked=365 trend=UP open_position=YES balance=$8801.02
2026-06-23 19:15:01,498 | INFO | 🔚 TRADE CLOSED (stage3 trailing stop hit): position_id=5695383694 (total trades completed: 5)
2026-06-23 19:20:00,877 | INFO | Heartbeat: 5min_candles=2000 1h_candles=500 levels_tracked=365 trend=UP open_position=no balance=$8801.02
2026-06-23 19:25:00,424 | INFO | Heartbeat: 5min_candles=2000 1h_candles=500 levels_tracked=365 trend=UP open_position=no balance=$8773.20
2026-06-23 19:30:00,834 | INFO | Heartbeat: 5min_candles=2000 1h_candles=500 levels_tracked=365 trend=UP open_position=no balance=$8773.20
2026-06-23 19:35:00,190 | INFO | New support level identified: 844712.53
2026-06-23 19:35:00,200 | INFO | Heartbeat: 5min_candles=2000 1h_candles=500 levels_tracked=366 trend=UP open_position=no balance=$8773.20
2026-06-23 19:40:00,673 | INFO | Heartbeat: 5min_candles=2000 1h_candles=500 levels_tracked=366 trend=UP open_position=no balance=$8773.20
2026-06-23 19:45:00,076 | INFO | Heartbeat: 5min_candles=2000 1h_candles=500 levels_tracked=366 trend=UP open_position=no balance=$8773.20
2026-06-23 19:50:00,429 | INFO | Heartbeat: 5min_candles=2000 1h_candles=500 levels_tracked=366 trend=UP open_position=no balance=$8773.20
2026-06-23 19:55:00,798 | INFO | Heartbeat: 5min_candles=2000 1h_candles=500 levels_tracked=366 trend=UP open_position=no balance=$8773.20
2026-06-23 19:57:19,904 | ERROR | Task exception was never retrieved
future: <Task finished name='Task-185779' coro=<SubscriptionManager.schedule_subscribe.<locals>.subscribe_task() done, defined at /Users/user/Sites/projects/mt5-trading-bot/venv/lib/python3.11/site-packages/metaapi_cloud_sdk/clients/metaapi/subscription_manager.py:107> exception=KeyError('type')>
Traceback (most recent call last):
  File "/Users/user/Sites/projects/mt5-trading-bot/venv/lib/python3.11/site-packages/metaapi_cloud_sdk/clients/metaapi/subscription_manager.py", line 110, in subscribe_task
    await self.subscribe(account_id, instance_number)
  File "/Users/user/Sites/projects/mt5-trading-bot/venv/lib/python3.11/site-packages/metaapi_cloud_sdk/clients/metaapi/metaapi_websocket_client.py", line 1666, in rpc_request
    return await self._make_request(account_id, instance_number, request, timeout_in_seconds)
           ^^^^^^^^^^^^^^^^^^^^^^^^^^^^^^^^^^^^^^^^^^^^^^^^^^^^^^^^^^^^^^^^^^^^^^^^^^^^^^^^^^
  File "/Users/user/Sites/projects/mt5-trading-bot/venv/lib/python3.11/site-packages/metaapi_cloud_sdk/clients/metaapi/metaapi_websocket_client.py", line 1737, in _make_request
    resolve = await asyncio.wait_for(
              ^^^^^^^^^^^^^^^^^^^^^^^
  File "/usr/local/Cellar/python@3.11/3.11.15_3/Frameworks/Python.framework/Versions/3.11/lib/python3.11/asyncio/tasks.py", line 489, in wait_for
    return fut.result()
           ^^^^^^^^^^^^
metaapi_cloud_sdk.clients.error_handler.TooManyRequestsException: It seems like you are trying to access too many unexisting or undeployed trading accounts. Please check your application logs for occurrences of NotFoundError and make sure that you attempt to access trading accounts which are actually deployed in this region.

During handling of the above exception, another exception occurred:

Traceback (most recent call last):
  File "/Users/user/Sites/projects/mt5-trading-bot/venv/lib/python3.11/site-packages/metaapi_cloud_sdk/clients/metaapi/subscription_manager.py", line 116, in subscribe_task
    if err.metadata['type'] == 'LIMIT_ACCOUNT_SUBSCRIPTIONS_PER_USER':
       ~~~~~~~~~~~~^^^^^^^^
KeyError: 'type'
2026-06-23 20:00:00,288 | INFO | Heartbeat: 5min_candles=2000 1h_candles=500 levels_tracked=366 trend=UP open_position=no balance=$8773.20
2026-06-23 20:05:00,657 | INFO | Heartbeat: 5min_candles=2000 1h_candles=500 levels_tracked=366 trend=UP open_position=no balance=$8773.20
2026-06-23 20:10:00,069 | INFO | Heartbeat: 5min_candles=2000 1h_candles=500 levels_tracked=366 trend=UP open_position=no balance=$8773.20
2026-06-23 20:15:00,524 | INFO | Heartbeat: 5min_candles=2000 1h_candles=500 levels_tracked=366 trend=UP open_position=no balance=$8773.20
2026-06-23 20:20:00,833 | INFO | Heartbeat: 5min_candles=2000 1h_candles=500 levels_tracked=366 trend=UP open_position=no balance=$8773.20
2026-06-23 20:25:00,238 | INFO | New resistance level identified: 850610.27
2026-06-23 20:25:00,266 | INFO | Heartbeat: 5min_candles=2000 1h_candles=500 levels_tracked=367 trend=UP open_position=no balance=$8773.20
2026-06-23 20:30:00,568 | INFO | Heartbeat: 5min_candles=2000 1h_candles=500 levels_tracked=367 trend=UP open_position=no balance=$8773.20
2026-06-23 20:35:00,034 | INFO | Heartbeat: 5min_candles=2000 1h_candles=500 levels_tracked=367 trend=UP open_position=no balance=$8773.20
2026-06-23 20:40:00,370 | INFO | Heartbeat: 5min_candles=2000 1h_candles=500 levels_tracked=367 trend=UP open_position=no balance=$8773.20
2026-06-23 20:45:00,774 | INFO | Heartbeat: 5min_candles=2000 1h_candles=500 levels_tracked=367 trend=UP open_position=no balance=$8773.20
2026-06-23 20:50:01,029 | INFO | Heartbeat: 5min_candles=2000 1h_candles=500 levels_tracked=367 trend=UP open_position=no balance=$8773.20
2026-06-23 20:55:00,360 | INFO | Heartbeat: 5min_candles=2000 1h_candles=500 levels_tracked=367 trend=UP open_position=no balance=$8773.20
2026-06-23 21:00:00,651 | INFO | Heartbeat: 5min_candles=2000 1h_candles=500 levels_tracked=367 trend=UP open_position=no balance=$8773.20
2026-06-23 21:00:00,662 | INFO | Attempting to open BUY trade: volume=0.174 lots, risk target=1.0% of $8773.20, stop_distance=0.0596%
2026-06-23 21:00:01,520 | INFO | ✅ TRADE OPENED: BUY position_id=5695478392 volume=0.174 entry≈844639.94
2026-06-23 21:05:00,823 | INFO | Heartbeat: 5min_candles=2000 1h_candles=500 levels_tracked=367 trend=UP open_position=YES balance=$8773.20
2026-06-23 21:10:00,115 | INFO | Heartbeat: 5min_candles=2000 1h_candles=500 levels_tracked=367 trend=UP open_position=YES balance=$8773.20
2026-06-23 21:10:00,137 | INFO | Position 5695478392: breakeven reached after 2 favorable candles -- stop moved to entry price 844639.94, Stage 3 trailing active.
2026-06-23 21:15:00,627 | INFO | New support level identified: 844136.85
2026-06-23 21:15:00,634 | INFO | Heartbeat: 5min_candles=2000 1h_candles=500 levels_tracked=368 trend=UP open_position=YES balance=$8773.20
2026-06-23 21:20:00,996 | INFO | Heartbeat: 5min_candles=2000 1h_candles=500 levels_tracked=368 trend=UP open_position=YES balance=$8773.20
2026-06-23 21:25:00,463 | INFO | Heartbeat: 5min_candles=2000 1h_candles=500 levels_tracked=368 trend=UP open_position=YES balance=$8773.20
2026-06-23 21:30:00,926 | INFO | Heartbeat: 5min_candles=2000 1h_candles=500 levels_tracked=368 trend=UP open_position=YES balance=$8773.20
2026-06-23 21:35:00,334 | INFO | Heartbeat: 5min_candles=2000 1h_candles=500 levels_tracked=368 trend=UP open_position=YES balance=$8773.20
2026-06-23 21:40:00,723 | INFO | Heartbeat: 5min_candles=2000 1h_candles=500 levels_tracked=368 trend=UP open_position=YES balance=$8773.20
2026-06-23 21:45:00,366 | INFO | Heartbeat: 5min_candles=2000 1h_candles=500 levels_tracked=368 trend=UP open_position=YES balance=$8773.20
2026-06-23 21:50:00,305 | INFO | Heartbeat: 5min_candles=2000 1h_candles=500 levels_tracked=368 trend=UP open_position=YES balance=$9157.26
2026-06-23 21:50:00,486 | ERROR | Close failed for position 5695478392: TradeException('Position not found') -- clearing local state anyway, please verify in MT5 app.
2026-06-23 21:55:00,829 | INFO | New resistance level identified: 847554.11
2026-06-23 21:55:00,836 | INFO | Heartbeat: 5min_candles=2000 1h_candles=500 levels_tracked=369 trend=UP open_position=no balance=$9157.26
2026-06-23 22:00:00,827 | INFO | Heartbeat: 5min_candles=2000 1h_candles=500 levels_tracked=369 trend=UP open_position=no balance=$9157.26
2026-06-23 22:05:00,133 | INFO | Heartbeat: 5min_candles=2000 1h_candles=500 levels_tracked=369 trend=UP open_position=no balance=$9157.26
2026-06-23 22:10:00,584 | INFO | Heartbeat: 5min_candles=2000 1h_candles=500 levels_tracked=369 trend=UP open_position=no balance=$9157.26
2026-06-23 22:15:00,030 | INFO | Heartbeat: 5min_candles=2000 1h_candles=500 levels_tracked=369 trend=UP open_position=no balance=$9157.26
2026-06-23 22:20:00,330 | INFO | Heartbeat: 5min_candles=2000 1h_candles=500 levels_tracked=369 trend=UP open_position=no balance=$9157.26
2026-06-23 22:25:00,616 | INFO | Heartbeat: 5min_candles=2000 1h_candles=500 levels_tracked=369 trend=UP open_position=no balance=$9157.26
2026-06-23 22:30:00,125 | INFO | Heartbeat: 5min_candles=2000 1h_candles=500 levels_tracked=369 trend=UP open_position=no balance=$9157.26
2026-06-23 22:30:00,134 | INFO | Attempting to open BUY trade: volume=0.07 lots, risk target=1.0% of $9157.26, stop_distance=0.1538%
2026-06-23 22:30:00,981 | INFO | ✅ TRADE OPENED: BUY position_id=5695542792 volume=0.07 entry≈845012.80
2026-06-23 22:35:00,488 | INFO | New support level identified: 843713.36
2026-06-23 22:35:00,504 | INFO | Heartbeat: 5min_candles=2000 1h_candles=500 levels_tracked=370 trend=UP open_position=YES balance=$9157.26
2026-06-23 22:40:00,848 | INFO | Heartbeat: 5min_candles=2000 1h_candles=500 levels_tracked=370 trend=UP open_position=YES balance=$9157.26
2026-06-23 22:40:01,667 | INFO | 🔚 TRADE CLOSED (initial or breakeven stop hit): position_id=5695542792 (total trades completed: 7)
2026-06-23 22:45:00,117 | INFO | New resistance level identified: 845035.65
2026-06-23 22:45:00,141 | INFO | Heartbeat: 5min_candles=2000 1h_candles=500 levels_tracked=371 trend=UP open_position=no balance=$9157.26
2026-06-23 22:50:00,456 | INFO | Heartbeat: 5min_candles=2000 1h_candles=500 levels_tracked=371 trend=UP open_position=no balance=$9026.93
2026-06-23 22:55:00,126 | INFO | Heartbeat: 5min_candles=2000 1h_candles=500 levels_tracked=371 trend=UP open_position=no balance=$9026.93
2026-06-23 23:00:00,587 | INFO | Heartbeat: 5min_candles=2000 1h_candles=500 levels_tracked=371 trend=UP open_position=no balance=$9026.93
2026-06-23 23:05:00,971 | INFO | New support level identified: 842581.16
2026-06-23 23:05:00,981 | INFO | Heartbeat: 5min_candles=2000 1h_candles=500 levels_tracked=372 trend=UP open_position=no balance=$9026.93
2026-06-23 23:10:00,406 | INFO | Heartbeat: 5min_candles=2000 1h_candles=500 levels_tracked=372 trend=UP open_position=no balance=$9026.93
2026-06-23 23:15:00,916 | INFO | Heartbeat: 5min_candles=2000 1h_candles=500 levels_tracked=372 trend=UP open_position=no balance=$9026.93
2026-06-23 23:15:00,935 | INFO | Attempting to open BUY trade: volume=0.057 lots, risk target=1.0% of $9026.93, stop_distance=0.1854%
2026-06-23 23:15:01,722 | INFO | ✅ TRADE OPENED: BUY position_id=5695574572 volume=0.057 entry≈844146.57
2026-06-23 23:20:00,996 | INFO | Heartbeat: 5min_candles=2000 1h_candles=500 levels_tracked=372 trend=UP open_position=YES balance=$9026.93
2026-06-23 23:25:00,308 | INFO | Heartbeat: 5min_candles=2000 1h_candles=500 levels_tracked=372 trend=UP open_position=YES balance=$9026.93
2026-06-23 23:25:01,111 | INFO | 🔚 TRADE CLOSED (initial or breakeven stop hit): position_id=5695574572 (total trades completed: 8)
2026-06-23 23:30:00,428 | INFO | Heartbeat: 5min_candles=2000 1h_candles=500 levels_tracked=372 trend=UP open_position=no balance=$9026.93
2026-06-23 23:35:00,831 | INFO | New resistance level identified: 844460.68
2026-06-23 23:35:00,838 | INFO | Heartbeat: 5min_candles=2000 1h_candles=500 levels_tracked=373 trend=UP open_position=no balance=$8929.80
2026-06-23 23:40:00,249 | INFO | Heartbeat: 5min_candles=2000 1h_candles=500 levels_tracked=373 trend=UP open_position=no balance=$8929.80
2026-06-23 23:45:00,693 | INFO | Heartbeat: 5min_candles=2000 1h_candles=500 levels_tracked=373 trend=UP open_position=no balance=$8929.80
2026-06-23 23:50:00,058 | INFO | Heartbeat: 5min_candles=2000 1h_candles=500 levels_tracked=373 trend=UP open_position=no balance=$8929.80
2026-06-23 23:55:00,431 | INFO | Heartbeat: 5min_candles=2000 1h_candles=500 levels_tracked=373 trend=UP open_position=no balance=$8929.80
2026-06-24 00:00:00,769 | INFO | Heartbeat: 5min_candles=2000 1h_candles=500 levels_tracked=373 trend=UP open_position=no balance=$8929.80
2026-06-24 00:05:00,076 | INFO | Heartbeat: 5min_candles=2000 1h_candles=500 levels_tracked=373 trend=UP open_position=no balance=$8929.80
2026-06-24 00:10:00,436 | INFO | Heartbeat: 5min_candles=2000 1h_candles=500 levels_tracked=373 trend=UP open_position=no balance=$8929.80
2026-06-24 00:15:00,893 | INFO | Heartbeat: 5min_candles=2000 1h_candles=500 levels_tracked=373 trend=UP open_position=no balance=$8929.80
2026-06-24 00:20:00,210 | INFO | New support level identified: 838598.02
2026-06-24 00:20:00,242 | INFO | Heartbeat: 5min_candles=2000 1h_candles=500 levels_tracked=374 trend=UP open_position=no balance=$8929.80
2026-06-24 00:25:00,694 | INFO | Heartbeat: 5min_candles=2000 1h_candles=500 levels_tracked=374 trend=UP open_position=no balance=$8929.80
2026-06-24 00:30:01,000 | INFO | Heartbeat: 5min_candles=2000 1h_candles=500 levels_tracked=374 trend=UP open_position=no balance=$8929.80
2026-06-24 00:35:00,289 | INFO | Heartbeat: 5min_candles=2000 1h_candles=500 levels_tracked=374 trend=UP open_position=no balance=$8929.80
2026-06-24 00:40:00,669 | INFO | Heartbeat: 5min_candles=2000 1h_candles=500 levels_tracked=374 trend=UP open_position=no balance=$8929.80
2026-06-24 00:45:00,964 | INFO | Heartbeat: 5min_candles=2000 1h_candles=500 levels_tracked=374 trend=UP open_position=no balance=$8929.80
2026-06-24 00:50:00,241 | INFO | Heartbeat: 5min_candles=2000 1h_candles=500 levels_tracked=374 trend=UP open_position=no balance=$8929.80
2026-06-24 00:55:00,543 | INFO | Heartbeat: 5min_candles=2000 1h_candles=500 levels_tracked=374 trend=UP open_position=no balance=$8929.80
2026-06-24 01:00:00,814 | INFO | New resistance level identified: 842421.95
2026-06-24 01:00:00,831 | INFO | Heartbeat: 5min_candles=2000 1h_candles=500 levels_tracked=375 trend=UP open_position=no balance=$8929.80
2026-06-24 01:05:00,117 | INFO | Heartbeat: 5min_candles=2000 1h_candles=500 levels_tracked=375 trend=UP open_position=no balance=$8929.80
2026-06-24 01:10:00,404 | INFO | Heartbeat: 5min_candles=2000 1h_candles=500 levels_tracked=375 trend=UP open_position=no balance=$8929.80
2026-06-24 01:15:00,668 | INFO | Heartbeat: 5min_candles=2000 1h_candles=500 levels_tracked=375 trend=UP open_position=no balance=$8929.80
2026-06-24 01:20:00,972 | INFO | Heartbeat: 5min_candles=2000 1h_candles=500 levels_tracked=375 trend=UP open_position=no balance=$8929.80
2026-06-24 01:25:00,262 | INFO | Heartbeat: 5min_candles=2000 1h_candles=500 levels_tracked=375 trend=UP open_position=no balance=$8929.80
2026-06-24 01:30:00,540 | INFO | Heartbeat: 5min_candles=2000 1h_candles=500 levels_tracked=375 trend=UP open_position=no balance=$8929.80
2026-06-24 01:30:00,555 | INFO | Attempting to open BUY trade: volume=0.103 lots, risk target=1.0% of $8929.80, stop_distance=0.1024%
2026-06-24 01:30:01,344 | INFO | ✅ TRADE OPENED: BUY position_id=5695637805 volume=0.103 entry≈839457.37
2026-06-24 01:35:00,658 | INFO | Heartbeat: 5min_candles=2000 1h_candles=500 levels_tracked=375 trend=UP open_position=YES balance=$8929.80
2026-06-24 01:40:00,938 | INFO | New support level identified: 838597.54
2026-06-24 01:40:00,956 | INFO | Heartbeat: 5min_candles=2000 1h_candles=500 levels_tracked=376 trend=UP open_position=YES balance=$8929.80
2026-06-24 01:45:00,207 | INFO | Heartbeat: 5min_candles=2000 1h_candles=500 levels_tracked=376 trend=UP open_position=YES balance=$8929.80
2026-06-24 01:45:01,009 | INFO | 🔚 TRADE CLOSED (initial or breakeven stop hit): position_id=5695637805 (total trades completed: 9)
2026-06-24 01:50:00,257 | INFO | Heartbeat: 5min_candles=2000 1h_candles=500 levels_tracked=376 trend=UP open_position=no balance=$8929.80
2026-06-24 01:55:00,536 | INFO | Heartbeat: 5min_candles=2000 1h_candles=500 levels_tracked=376 trend=UP open_position=no balance=$8833.17
2026-06-24 02:00:00,796 | INFO | New support level identified: 838362.11
2026-06-24 02:00:00,828 | INFO | Heartbeat: 5min_candles=2000 1h_candles=500 levels_tracked=377 trend=UP open_position=no balance=$8833.17
2026-06-24 02:05:00,099 | INFO | Heartbeat: 5min_candles=2000 1h_candles=500 levels_tracked=377 trend=UP open_position=no balance=$8833.17
2026-06-24 02:10:00,449 | INFO | New resistance level identified: 840278.03
2026-06-24 02:10:00,457 | INFO | Heartbeat: 5min_candles=2000 1h_candles=500 levels_tracked=378 trend=UP open_position=no balance=$8833.17
2026-06-24 02:15:00,956 | INFO | Heartbeat: 5min_candles=2000 1h_candles=500 levels_tracked=378 trend=UP open_position=no balance=$8833.17
2026-06-24 02:20:00,402 | INFO | Heartbeat: 5min_candles=2000 1h_candles=500 levels_tracked=378 trend=UP open_position=no balance=$8833.17
2026-06-24 02:25:00,994 | INFO | Heartbeat: 5min_candles=2000 1h_candles=500 levels_tracked=378 trend=UP open_position=no balance=$8833.17
2026-06-24 02:30:00,408 | INFO | Heartbeat: 5min_candles=2000 1h_candles=500 levels_tracked=378 trend=UP open_position=no balance=$8833.17
2026-06-24 02:35:00,932 | INFO | New support level identified: 837909.71
2026-06-24 02:35:00,941 | INFO | Heartbeat: 5min_candles=2000 1h_candles=500 levels_tracked=379 trend=UP open_position=no balance=$8833.17
2026-06-24 02:40:00,300 | INFO | Heartbeat: 5min_candles=2000 1h_candles=500 levels_tracked=379 trend=UP open_position=no balance=$8833.17
2026-06-24 02:45:00,623 | INFO | Heartbeat: 5min_candles=2000 1h_candles=500 levels_tracked=379 trend=UP open_position=no balance=$8833.17
2026-06-24 02:50:00,889 | INFO | New resistance level identified: 839980.95
2026-06-24 02:50:00,898 | INFO | Heartbeat: 5min_candles=2000 1h_candles=500 levels_tracked=380 trend=UP open_position=no balance=$8833.17
2026-06-24 02:55:00,461 | INFO | Heartbeat: 5min_candles=2000 1h_candles=500 levels_tracked=380 trend=UP open_position=no balance=$8833.17
2026-06-24 03:00:00,945 | INFO | Heartbeat: 5min_candles=2000 1h_candles=500 levels_tracked=380 trend=UP open_position=no balance=$8833.17
2026-06-24 03:05:00,349 | INFO | New support level identified: 837760.42
2026-06-24 03:05:00,361 | INFO | Heartbeat: 5min_candles=2000 1h_candles=500 levels_tracked=381 trend=UP open_position=no balance=$8833.17
2026-06-24 03:10:00,723 | INFO | Heartbeat: 5min_candles=2000 1h_candles=500 levels_tracked=381 trend=UP open_position=no balance=$8833.17
2026-06-24 03:10:38,026 | ERROR | packet queue is empty, aborting
2026-06-24 03:10:38,028 | ERROR | packet queue is empty, aborting
2026-06-24 03:11:08,041 | ERROR | Unexpected error: RuntimeError('Event loop stopped before Future completed.')
Traceback (most recent call last):
  File "/Users/user/Sites/projects/mt5-trading-bot/src/live/live_mt5_trading_bot.py", line 709, in main
    state = BotState()
        ^^^^^^^^^^^^^^^
  File "/usr/local/Cellar/python@3.11/3.11.15_3/Frameworks/Python.framework/Versions/3.11/lib/python3.11/asyncio/runners.py", line 190, in run
    return runner.run(main)
           ^^^^^^^^^^^^^^^^
  File "/usr/local/Cellar/python@3.11/3.11.15_3/Frameworks/Python.framework/Versions/3.11/lib/python3.11/asyncio/runners.py", line 118, in run
    return self._loop.run_until_complete(task)
           ^^^^^^^^^^^^^^^^^^^^^^^^^^^^^^^^^^^
  File "/usr/local/Cellar/python@3.11/3.11.15_3/Frameworks/Python.framework/Versions/3.11/lib/python3.11/asyncio/base_events.py", line 652, in run_until_complete
    raise RuntimeError('Event loop stopped before Future completed.')
RuntimeError: Event loop stopped before Future completed.
